2016-01-26 20:42:09 Debug: Notice (8): Undefined index: VideoCategory in [D:\wamp\www\xonxao\app\Controller\VideoController.php, line 165]
Trace:
VideoController::category() - APP\Controller\VideoController.php, line 165
ReflectionMethod::invokeArgs() - [internal], line ??
Controller::invokeAction() - CORE\Cake\Controller\Controller.php, line 490
Dispatcher::_invoke() - CORE\Cake\Routing\Dispatcher.php, line 193
Dispatcher::dispatch() - CORE\Cake\Routing\Dispatcher.php, line 167
[main] - APP\webroot\index.php, line 111

2016-01-26 20:42:09 Debug: Notice (8): Undefined index: VideoCategory in [D:\wamp\www\xonxao\app\Controller\VideoController.php, line 167]
Trace:
VideoController::category() - APP\Controller\VideoController.php, line 167
ReflectionMethod::invokeArgs() - [internal], line ??
Controller::invokeAction() - CORE\Cake\Controller\Controller.php, line 490
Dispatcher::_invoke() - CORE\Cake\Routing\Dispatcher.php, line 193
Dispatcher::dispatch() - CORE\Cake\Routing\Dispatcher.php, line 167
[main] - APP\webroot\index.php, line 111

2016-01-26 20:42:09 Debug: Notice (8): Undefined index: VideoCategory in [D:\wamp\www\xonxao\app\Controller\VideoController.php, line 170]
Trace:
VideoController::category() - APP\Controller\VideoController.php, line 170
ReflectionMethod::invokeArgs() - [internal], line ??
Controller::invokeAction() - CORE\Cake\Controller\Controller.php, line 490
Dispatcher::_invoke() - CORE\Cake\Routing\Dispatcher.php, line 193
Dispatcher::dispatch() - CORE\Cake\Routing\Dispatcher.php, line 167
[main] - APP\webroot\index.php, line 111

2016-01-26 20:42:09 Debug: Notice (8): Undefined index: VideoCategory in [D:\wamp\www\xonxao\app\Controller\VideoController.php, line 178]
Trace:
VideoController::category() - APP\Controller\VideoController.php, line 178
ReflectionMethod::invokeArgs() - [internal], line ??
Controller::invokeAction() - CORE\Cake\Controller\Controller.php, line 490
Dispatcher::_invoke() - CORE\Cake\Routing\Dispatcher.php, line 193
Dispatcher::dispatch() - CORE\Cake\Routing\Dispatcher.php, line 167
[main] - APP\webroot\index.php, line 111

2016-01-26 20:42:09 Debug: Notice (8): Undefined index: VideoCategory in [D:\wamp\www\xonxao\app\Controller\VideoController.php, line 184]
Trace:
VideoController::category() - APP\Controller\VideoController.php, line 184
ReflectionMethod::invokeArgs() - [internal], line ??
Controller::invokeAction() - CORE\Cake\Controller\Controller.php, line 490
Dispatcher::_invoke() - CORE\Cake\Routing\Dispatcher.php, line 193
Dispatcher::dispatch() - CORE\Cake\Routing\Dispatcher.php, line 167
[main] - APP\webroot\index.php, line 111

2016-01-26 20:42:09 Debug: Notice (8): Undefined index: VideoCategory in [D:\wamp\www\xonxao\app\Controller\VideoController.php, line 187]
Trace:
VideoController::category() - APP\Controller\VideoController.php, line 187
ReflectionMethod::invokeArgs() - [internal], line ??
Controller::invokeAction() - CORE\Cake\Controller\Controller.php, line 490
Dispatcher::_invoke() - CORE\Cake\Routing\Dispatcher.php, line 193
Dispatcher::dispatch() - CORE\Cake\Routing\Dispatcher.php, line 167
[main] - APP\webroot\index.php, line 111

2016-01-26 20:42:09 Debug: Notice (8): Undefined index: VideoCategory in [D:\wamp\www\xonxao\app\Controller\VideoController.php, line 195]
Trace:
VideoController::category() - APP\Controller\VideoController.php, line 195
ReflectionMethod::invokeArgs() - [internal], line ??
Controller::invokeAction() - CORE\Cake\Controller\Controller.php, line 490
Dispatcher::_invoke() - CORE\Cake\Routing\Dispatcher.php, line 193
Dispatcher::dispatch() - CORE\Cake\Routing\Dispatcher.php, line 167
[main] - APP\webroot\index.php, line 111

2016-01-26 20:42:09 Debug: Notice (8): Undefined index: VideoCategory in [D:\wamp\www\xonxao\app\Controller\VideoController.php, line 201]
Trace:
VideoController::category() - APP\Controller\VideoController.php, line 201
ReflectionMethod::invokeArgs() - [internal], line ??
Controller::invokeAction() - CORE\Cake\Controller\Controller.php, line 490
Dispatcher::_invoke() - CORE\Cake\Routing\Dispatcher.php, line 193
Dispatcher::dispatch() - CORE\Cake\Routing\Dispatcher.php, line 167
[main] - APP\webroot\index.php, line 111

2016-01-26 20:42:09 Debug: Notice (8): Undefined index: VideoCategory in [D:\wamp\www\xonxao\app\Controller\VideoController.php, line 204]
Trace:
VideoController::category() - APP\Controller\VideoController.php, line 204
ReflectionMethod::invokeArgs() - [internal], line ??
Controller::invokeAction() - CORE\Cake\Controller\Controller.php, line 490
Dispatcher::_invoke() - CORE\Cake\Routing\Dispatcher.php, line 193
Dispatcher::dispatch() - CORE\Cake\Routing\Dispatcher.php, line 167
[main] - APP\webroot\index.php, line 111

2016-01-26 20:42:09 Debug: Notice (8): Undefined index: VideoCategory in [D:\wamp\www\xonxao\app\Controller\VideoController.php, line 212]
Trace:
VideoController::category() - APP\Controller\VideoController.php, line 212
ReflectionMethod::invokeArgs() - [internal], line ??
Controller::invokeAction() - CORE\Cake\Controller\Controller.php, line 490
Dispatcher::_invoke() - CORE\Cake\Routing\Dispatcher.php, line 193
Dispatcher::dispatch() - CORE\Cake\Routing\Dispatcher.php, line 167
[main] - APP\webroot\index.php, line 111

2016-01-26 20:42:09 Debug: Notice (8): Undefined index: VideoCategory in [D:\wamp\www\xonxao\app\Controller\VideoController.php, line 218]
Trace:
VideoController::category() - APP\Controller\VideoController.php, line 218
ReflectionMethod::invokeArgs() - [internal], line ??
Controller::invokeAction() - CORE\Cake\Controller\Controller.php, line 490
Dispatcher::_invoke() - CORE\Cake\Routing\Dispatcher.php, line 193
Dispatcher::dispatch() - CORE\Cake\Routing\Dispatcher.php, line 167
[main] - APP\webroot\index.php, line 111

2016-01-26 20:42:09 Debug: Notice (8): Undefined index: VideoCategory in [D:\wamp\www\xonxao\app\Controller\VideoController.php, line 221]
Trace:
VideoController::category() - APP\Controller\VideoController.php, line 221
ReflectionMethod::invokeArgs() - [internal], line ??
Controller::invokeAction() - CORE\Cake\Controller\Controller.php, line 490
Dispatcher::_invoke() - CORE\Cake\Routing\Dispatcher.php, line 193
Dispatcher::dispatch() - CORE\Cake\Routing\Dispatcher.php, line 167
[main] - APP\webroot\index.php, line 111

2016-01-26 20:42:09 Debug: Notice (8): Undefined index: VideoCategory in [D:\wamp\www\xonxao\app\Controller\VideoController.php, line 228]
Trace:
VideoController::category() - APP\Controller\VideoController.php, line 228
ReflectionMethod::invokeArgs() - [internal], line ??
Controller::invokeAction() - CORE\Cake\Controller\Controller.php, line 490
Dispatcher::_invoke() - CORE\Cake\Routing\Dispatcher.php, line 193
Dispatcher::dispatch() - CORE\Cake\Routing\Dispatcher.php, line 167
[main] - APP\webroot\index.php, line 111

2016-01-26 20:42:09 Debug: Notice (8): Undefined offset: 0 in [D:\wamp\www\xonxao\app\View\Video\category.ctp, line 17]
Trace:
include - APP\View\Video\category.ctp, line 17
View::_evaluate() - CORE\Cake\View\View.php, line 971
View::_render() - CORE\Cake\View\View.php, line 933
View::render() - CORE\Cake\View\View.php, line 473
Controller::render() - CORE\Cake\Controller\Controller.php, line 960
Dispatcher::_invoke() - CORE\Cake\Routing\Dispatcher.php, line 200
Dispatcher::dispatch() - CORE\Cake\Routing\Dispatcher.php, line 167
[main] - APP\webroot\index.php, line 111

2016-01-26 20:42:09 Debug: Notice (8): Undefined offset: 0 in [D:\wamp\www\xonxao\app\View\Video\category.ctp, line 17]
Trace:
include - APP\View\Video\category.ctp, line 17
View::_evaluate() - CORE\Cake\View\View.php, line 971
View::_render() - CORE\Cake\View\View.php, line 933
View::render() - CORE\Cake\View\View.php, line 473
Controller::render() - CORE\Cake\Controller\Controller.php, line 960
Dispatcher::_invoke() - CORE\Cake\Routing\Dispatcher.php, line 200
Dispatcher::dispatch() - CORE\Cake\Routing\Dispatcher.php, line 167
[main] - APP\webroot\index.php, line 111

2016-01-26 20:42:09 Debug: Notice (8): Undefined offset: 0 in [D:\wamp\www\xonxao\app\View\Video\category.ctp, line 20]
Trace:
include - APP\View\Video\category.ctp, line 20
View::_evaluate() - CORE\Cake\View\View.php, line 971
View::_render() - CORE\Cake\View\View.php, line 933
View::render() - CORE\Cake\View\View.php, line 473
Controller::render() - CORE\Cake\Controller\Controller.php, line 960
Dispatcher::_invoke() - CORE\Cake\Routing\Dispatcher.php, line 200
Dispatcher::dispatch() - CORE\Cake\Routing\Dispatcher.php, line 167
[main] - APP\webroot\index.php, line 111

2016-01-26 20:42:09 Debug: Notice (8): Undefined offset: 0 in [D:\wamp\www\xonxao\app\View\Video\category.ctp, line 20]
Trace:
include - APP\View\Video\category.ctp, line 20
View::_evaluate() - CORE\Cake\View\View.php, line 971
View::_render() - CORE\Cake\View\View.php, line 933
View::render() - CORE\Cake\View\View.php, line 473
Controller::render() - CORE\Cake\Controller\Controller.php, line 960
Dispatcher::_invoke() - CORE\Cake\Routing\Dispatcher.php, line 200
Dispatcher::dispatch() - CORE\Cake\Routing\Dispatcher.php, line 167
[main] - APP\webroot\index.php, line 111

2016-01-26 20:42:09 Debug: Notice (8): Undefined offset: 0 in [D:\wamp\www\xonxao\app\View\Video\category.ctp, line 28]
Trace:
include - APP\View\Video\category.ctp, line 28
View::_evaluate() - CORE\Cake\View\View.php, line 971
View::_render() - CORE\Cake\View\View.php, line 933
View::render() - CORE\Cake\View\View.php, line 473
Controller::render() - CORE\Cake\Controller\Controller.php, line 960
Dispatcher::_invoke() - CORE\Cake\Routing\Dispatcher.php, line 200
Dispatcher::dispatch() - CORE\Cake\Routing\Dispatcher.php, line 167
[main] - APP\webroot\index.php, line 111

2016-01-26 20:42:09 Debug: Notice (8): Undefined offset: 0 in [D:\wamp\www\xonxao\app\View\Video\category.ctp, line 29]
Trace:
include - APP\View\Video\category.ctp, line 29
View::_evaluate() - CORE\Cake\View\View.php, line 971
View::_render() - CORE\Cake\View\View.php, line 933
View::render() - CORE\Cake\View\View.php, line 473
Controller::render() - CORE\Cake\Controller\Controller.php, line 960
Dispatcher::_invoke() - CORE\Cake\Routing\Dispatcher.php, line 200
Dispatcher::dispatch() - CORE\Cake\Routing\Dispatcher.php, line 167
[main] - APP\webroot\index.php, line 111

2016-01-26 20:42:09 Debug: Notice (8): Undefined offset: 0 in [D:\wamp\www\xonxao\app\View\Video\category.ctp, line 30]
Trace:
include - APP\View\Video\category.ctp, line 30
View::_evaluate() - CORE\Cake\View\View.php, line 971
View::_render() - CORE\Cake\View\View.php, line 933
View::render() - CORE\Cake\View\View.php, line 473
Controller::render() - CORE\Cake\Controller\Controller.php, line 960
Dispatcher::_invoke() - CORE\Cake\Routing\Dispatcher.php, line 200
Dispatcher::dispatch() - CORE\Cake\Routing\Dispatcher.php, line 167
[main] - APP\webroot\index.php, line 111

2016-01-26 20:42:09 Debug: Notice (8): Undefined offset: 1 in [D:\wamp\www\xonxao\app\View\Video\category.ctp, line 45]
Trace:
include - APP\View\Video\category.ctp, line 45
View::_evaluate() - CORE\Cake\View\View.php, line 971
View::_render() - CORE\Cake\View\View.php, line 933
View::render() - CORE\Cake\View\View.php, line 473
Controller::render() - CORE\Cake\Controller\Controller.php, line 960
Dispatcher::_invoke() - CORE\Cake\Routing\Dispatcher.php, line 200
Dispatcher::dispatch() - CORE\Cake\Routing\Dispatcher.php, line 167
[main] - APP\webroot\index.php, line 111

2016-01-26 20:42:09 Debug: Notice (8): Undefined offset: 1 in [D:\wamp\www\xonxao\app\View\Video\category.ctp, line 45]
Trace:
include - APP\View\Video\category.ctp, line 45
View::_evaluate() - CORE\Cake\View\View.php, line 971
View::_render() - CORE\Cake\View\View.php, line 933
View::render() - CORE\Cake\View\View.php, line 473
Controller::render() - CORE\Cake\Controller\Controller.php, line 960
Dispatcher::_invoke() - CORE\Cake\Routing\Dispatcher.php, line 200
Dispatcher::dispatch() - CORE\Cake\Routing\Dispatcher.php, line 167
[main] - APP\webroot\index.php, line 111

2016-01-26 20:42:09 Debug: Notice (8): Undefined offset: 1 in [D:\wamp\www\xonxao\app\View\Video\category.ctp, line 47]
Trace:
include - APP\View\Video\category.ctp, line 47
View::_evaluate() - CORE\Cake\View\View.php, line 971
View::_render() - CORE\Cake\View\View.php, line 933
View::render() - CORE\Cake\View\View.php, line 473
Controller::render() - CORE\Cake\Controller\Controller.php, line 960
Dispatcher::_invoke() - CORE\Cake\Routing\Dispatcher.php, line 200
Dispatcher::dispatch() - CORE\Cake\Routing\Dispatcher.php, line 167
[main] - APP\webroot\index.php, line 111

2016-01-26 20:42:09 Debug: Notice (8): Undefined offset: 1 in [D:\wamp\www\xonxao\app\View\Video\category.ctp, line 47]
Trace:
include - APP\View\Video\category.ctp, line 47
View::_evaluate() - CORE\Cake\View\View.php, line 971
View::_render() - CORE\Cake\View\View.php, line 933
View::render() - CORE\Cake\View\View.php, line 473
Controller::render() - CORE\Cake\Controller\Controller.php, line 960
Dispatcher::_invoke() - CORE\Cake\Routing\Dispatcher.php, line 200
Dispatcher::dispatch() - CORE\Cake\Routing\Dispatcher.php, line 167
[main] - APP\webroot\index.php, line 111

2016-01-26 20:42:09 Debug: Notice (8): Undefined offset: 1 in [D:\wamp\www\xonxao\app\View\Video\category.ctp, line 55]
Trace:
include - APP\View\Video\category.ctp, line 55
View::_evaluate() - CORE\Cake\View\View.php, line 971
View::_render() - CORE\Cake\View\View.php, line 933
View::render() - CORE\Cake\View\View.php, line 473
Controller::render() - CORE\Cake\Controller\Controller.php, line 960
Dispatcher::_invoke() - CORE\Cake\Routing\Dispatcher.php, line 200
Dispatcher::dispatch() - CORE\Cake\Routing\Dispatcher.php, line 167
[main] - APP\webroot\index.php, line 111

2016-01-26 20:42:09 Debug: Notice (8): Undefined offset: 1 in [D:\wamp\www\xonxao\app\View\Video\category.ctp, line 56]
Trace:
include - APP\View\Video\category.ctp, line 56
View::_evaluate() - CORE\Cake\View\View.php, line 971
View::_render() - CORE\Cake\View\View.php, line 933
View::render() - CORE\Cake\View\View.php, line 473
Controller::render() - CORE\Cake\Controller\Controller.php, line 960
Dispatcher::_invoke() - CORE\Cake\Routing\Dispatcher.php, line 200
Dispatcher::dispatch() - CORE\Cake\Routing\Dispatcher.php, line 167
[main] - APP\webroot\index.php, line 111

2016-01-26 20:42:09 Debug: Notice (8): Undefined offset: 1 in [D:\wamp\www\xonxao\app\View\Video\category.ctp, line 57]
Trace:
include - APP\View\Video\category.ctp, line 57
View::_evaluate() - CORE\Cake\View\View.php, line 971
View::_render() - CORE\Cake\View\View.php, line 933
View::render() - CORE\Cake\View\View.php, line 473
Controller::render() - CORE\Cake\Controller\Controller.php, line 960
Dispatcher::_invoke() - CORE\Cake\Routing\Dispatcher.php, line 200
Dispatcher::dispatch() - CORE\Cake\Routing\Dispatcher.php, line 167
[main] - APP\webroot\index.php, line 111

2016-01-26 20:42:09 Debug: Notice (8): Undefined offset: 2 in [D:\wamp\www\xonxao\app\View\Video\category.ctp, line 71]
Trace:
include - APP\View\Video\category.ctp, line 71
View::_evaluate() - CORE\Cake\View\View.php, line 971
View::_render() - CORE\Cake\View\View.php, line 933
View::render() - CORE\Cake\View\View.php, line 473
Controller::render() - CORE\Cake\Controller\Controller.php, line 960
Dispatcher::_invoke() - CORE\Cake\Routing\Dispatcher.php, line 200
Dispatcher::dispatch() - CORE\Cake\Routing\Dispatcher.php, line 167
[main] - APP\webroot\index.php, line 111

2016-01-26 20:42:09 Debug: Notice (8): Undefined offset: 2 in [D:\wamp\www\xonxao\app\View\Video\category.ctp, line 71]
Trace:
include - APP\View\Video\category.ctp, line 71
View::_evaluate() - CORE\Cake\View\View.php, line 971
View::_render() - CORE\Cake\View\View.php, line 933
View::render() - CORE\Cake\View\View.php, line 473
Controller::render() - CORE\Cake\Controller\Controller.php, line 960
Dispatcher::_invoke() - CORE\Cake\Routing\Dispatcher.php, line 200
Dispatcher::dispatch() - CORE\Cake\Routing\Dispatcher.php, line 167
[main] - APP\webroot\index.php, line 111

2016-01-26 20:42:09 Debug: Notice (8): Undefined offset: 2 in [D:\wamp\www\xonxao\app\View\Video\category.ctp, line 73]
Trace:
include - APP\View\Video\category.ctp, line 73
View::_evaluate() - CORE\Cake\View\View.php, line 971
View::_render() - CORE\Cake\View\View.php, line 933
View::render() - CORE\Cake\View\View.php, line 473
Controller::render() - CORE\Cake\Controller\Controller.php, line 960
Dispatcher::_invoke() - CORE\Cake\Routing\Dispatcher.php, line 200
Dispatcher::dispatch() - CORE\Cake\Routing\Dispatcher.php, line 167
[main] - APP\webroot\index.php, line 111

2016-01-26 20:42:09 Debug: Notice (8): Undefined offset: 2 in [D:\wamp\www\xonxao\app\View\Video\category.ctp, line 73]
Trace:
include - APP\View\Video\category.ctp, line 73
View::_evaluate() - CORE\Cake\View\View.php, line 971
View::_render() - CORE\Cake\View\View.php, line 933
View::render() - CORE\Cake\View\View.php, line 473
Controller::render() - CORE\Cake\Controller\Controller.php, line 960
Dispatcher::_invoke() - CORE\Cake\Routing\Dispatcher.php, line 200
Dispatcher::dispatch() - CORE\Cake\Routing\Dispatcher.php, line 167
[main] - APP\webroot\index.php, line 111

2016-01-26 20:42:09 Debug: Notice (8): Undefined offset: 2 in [D:\wamp\www\xonxao\app\View\Video\category.ctp, line 81]
Trace:
include - APP\View\Video\category.ctp, line 81
View::_evaluate() - CORE\Cake\View\View.php, line 971
View::_render() - CORE\Cake\View\View.php, line 933
View::render() - CORE\Cake\View\View.php, line 473
Controller::render() - CORE\Cake\Controller\Controller.php, line 960
Dispatcher::_invoke() - CORE\Cake\Routing\Dispatcher.php, line 200
Dispatcher::dispatch() - CORE\Cake\Routing\Dispatcher.php, line 167
[main] - APP\webroot\index.php, line 111

2016-01-26 20:42:09 Debug: Notice (8): Undefined offset: 2 in [D:\wamp\www\xonxao\app\View\Video\category.ctp, line 82]
Trace:
include - APP\View\Video\category.ctp, line 82
View::_evaluate() - CORE\Cake\View\View.php, line 971
View::_render() - CORE\Cake\View\View.php, line 933
View::render() - CORE\Cake\View\View.php, line 473
Controller::render() - CORE\Cake\Controller\Controller.php, line 960
Dispatcher::_invoke() - CORE\Cake\Routing\Dispatcher.php, line 200
Dispatcher::dispatch() - CORE\Cake\Routing\Dispatcher.php, line 167
[main] - APP\webroot\index.php, line 111

2016-01-26 20:42:09 Debug: Notice (8): Undefined offset: 2 in [D:\wamp\www\xonxao\app\View\Video\category.ctp, line 83]
Trace:
include - APP\View\Video\category.ctp, line 83
View::_evaluate() - CORE\Cake\View\View.php, line 971
View::_render() - CORE\Cake\View\View.php, line 933
View::render() - CORE\Cake\View\View.php, line 473
Controller::render() - CORE\Cake\Controller\Controller.php, line 960
Dispatcher::_invoke() - CORE\Cake\Routing\Dispatcher.php, line 200
Dispatcher::dispatch() - CORE\Cake\Routing\Dispatcher.php, line 167
[main] - APP\webroot\index.php, line 111

2016-01-26 20:57:13 Debug: Notice (8): Undefined index: VideoCategory in [D:\wamp\www\xonxao\app\Controller\VideoController.php, line 165]
Trace:
VideoController::category() - APP\Controller\VideoController.php, line 165
ReflectionMethod::invokeArgs() - [internal], line ??
Controller::invokeAction() - CORE\Cake\Controller\Controller.php, line 490
Dispatcher::_invoke() - CORE\Cake\Routing\Dispatcher.php, line 193
Dispatcher::dispatch() - CORE\Cake\Routing\Dispatcher.php, line 167
[main] - APP\webroot\index.php, line 111

2016-01-26 20:57:13 Debug: Notice (8): Undefined index: VideoCategory in [D:\wamp\www\xonxao\app\Controller\VideoController.php, line 167]
Trace:
VideoController::category() - APP\Controller\VideoController.php, line 167
ReflectionMethod::invokeArgs() - [internal], line ??
Controller::invokeAction() - CORE\Cake\Controller\Controller.php, line 490
Dispatcher::_invoke() - CORE\Cake\Routing\Dispatcher.php, line 193
Dispatcher::dispatch() - CORE\Cake\Routing\Dispatcher.php, line 167
[main] - APP\webroot\index.php, line 111

2016-01-26 20:57:13 Debug: Notice (8): Undefined index: VideoCategory in [D:\wamp\www\xonxao\app\Controller\VideoController.php, line 170]
Trace:
VideoController::category() - APP\Controller\VideoController.php, line 170
ReflectionMethod::invokeArgs() - [internal], line ??
Controller::invokeAction() - CORE\Cake\Controller\Controller.php, line 490
Dispatcher::_invoke() - CORE\Cake\Routing\Dispatcher.php, line 193
Dispatcher::dispatch() - CORE\Cake\Routing\Dispatcher.php, line 167
[main] - APP\webroot\index.php, line 111

2016-01-26 20:57:13 Debug: Notice (8): Undefined index: VideoCategory in [D:\wamp\www\xonxao\app\Controller\VideoController.php, line 178]
Trace:
VideoController::category() - APP\Controller\VideoController.php, line 178
ReflectionMethod::invokeArgs() - [internal], line ??
Controller::invokeAction() - CORE\Cake\Controller\Controller.php, line 490
Dispatcher::_invoke() - CORE\Cake\Routing\Dispatcher.php, line 193
Dispatcher::dispatch() - CORE\Cake\Routing\Dispatcher.php, line 167
[main] - APP\webroot\index.php, line 111

2016-01-26 20:57:13 Debug: Notice (8): Undefined index: VideoCategory in [D:\wamp\www\xonxao\app\Controller\VideoController.php, line 184]
Trace:
VideoController::category() - APP\Controller\VideoController.php, line 184
ReflectionMethod::invokeArgs() - [internal], line ??
Controller::invokeAction() - CORE\Cake\Controller\Controller.php, line 490
Dispatcher::_invoke() - CORE\Cake\Routing\Dispatcher.php, line 193
Dispatcher::dispatch() - CORE\Cake\Routing\Dispatcher.php, line 167
[main] - APP\webroot\index.php, line 111

2016-01-26 20:57:13 Debug: Notice (8): Undefined index: VideoCategory in [D:\wamp\www\xonxao\app\Controller\VideoController.php, line 187]
Trace:
VideoController::category() - APP\Controller\VideoController.php, line 187
ReflectionMethod::invokeArgs() - [internal], line ??
Controller::invokeAction() - CORE\Cake\Controller\Controller.php, line 490
Dispatcher::_invoke() - CORE\Cake\Routing\Dispatcher.php, line 193
Dispatcher::dispatch() - CORE\Cake\Routing\Dispatcher.php, line 167
[main] - APP\webroot\index.php, line 111

2016-01-26 20:57:13 Debug: Notice (8): Undefined index: VideoCategory in [D:\wamp\www\xonxao\app\Controller\VideoController.php, line 195]
Trace:
VideoController::category() - APP\Controller\VideoController.php, line 195
ReflectionMethod::invokeArgs() - [internal], line ??
Controller::invokeAction() - CORE\Cake\Controller\Controller.php, line 490
Dispatcher::_invoke() - CORE\Cake\Routing\Dispatcher.php, line 193
Dispatcher::dispatch() - CORE\Cake\Routing\Dispatcher.php, line 167
[main] - APP\webroot\index.php, line 111

2016-01-26 20:57:13 Debug: Notice (8): Undefined index: VideoCategory in [D:\wamp\www\xonxao\app\Controller\VideoController.php, line 201]
Trace:
VideoController::category() - APP\Controller\VideoController.php, line 201
ReflectionMethod::invokeArgs() - [internal], line ??
Controller::invokeAction() - CORE\Cake\Controller\Controller.php, line 490
Dispatcher::_invoke() - CORE\Cake\Routing\Dispatcher.php, line 193
Dispatcher::dispatch() - CORE\Cake\Routing\Dispatcher.php, line 167
[main] - APP\webroot\index.php, line 111

2016-01-26 20:57:13 Debug: Notice (8): Undefined index: VideoCategory in [D:\wamp\www\xonxao\app\Controller\VideoController.php, line 204]
Trace:
VideoController::category() - APP\Controller\VideoController.php, line 204
ReflectionMethod::invokeArgs() - [internal], line ??
Controller::invokeAction() - CORE\Cake\Controller\Controller.php, line 490
Dispatcher::_invoke() - CORE\Cake\Routing\Dispatcher.php, line 193
Dispatcher::dispatch() - CORE\Cake\Routing\Dispatcher.php, line 167
[main] - APP\webroot\index.php, line 111

2016-01-26 20:57:13 Debug: Notice (8): Undefined index: VideoCategory in [D:\wamp\www\xonxao\app\Controller\VideoController.php, line 212]
Trace:
VideoController::category() - APP\Controller\VideoController.php, line 212
ReflectionMethod::invokeArgs() - [internal], line ??
Controller::invokeAction() - CORE\Cake\Controller\Controller.php, line 490
Dispatcher::_invoke() - CORE\Cake\Routing\Dispatcher.php, line 193
Dispatcher::dispatch() - CORE\Cake\Routing\Dispatcher.php, line 167
[main] - APP\webroot\index.php, line 111

2016-01-26 20:57:13 Debug: Notice (8): Undefined index: VideoCategory in [D:\wamp\www\xonxao\app\Controller\VideoController.php, line 218]
Trace:
VideoController::category() - APP\Controller\VideoController.php, line 218
ReflectionMethod::invokeArgs() - [internal], line ??
Controller::invokeAction() - CORE\Cake\Controller\Controller.php, line 490
Dispatcher::_invoke() - CORE\Cake\Routing\Dispatcher.php, line 193
Dispatcher::dispatch() - CORE\Cake\Routing\Dispatcher.php, line 167
[main] - APP\webroot\index.php, line 111

2016-01-26 20:57:13 Debug: Notice (8): Undefined index: VideoCategory in [D:\wamp\www\xonxao\app\Controller\VideoController.php, line 221]
Trace:
VideoController::category() - APP\Controller\VideoController.php, line 221
ReflectionMethod::invokeArgs() - [internal], line ??
Controller::invokeAction() - CORE\Cake\Controller\Controller.php, line 490
Dispatcher::_invoke() - CORE\Cake\Routing\Dispatcher.php, line 193
Dispatcher::dispatch() - CORE\Cake\Routing\Dispatcher.php, line 167
[main] - APP\webroot\index.php, line 111

2016-01-26 20:57:13 Debug: Notice (8): Undefined index: VideoCategory in [D:\wamp\www\xonxao\app\Controller\VideoController.php, line 228]
Trace:
VideoController::category() - APP\Controller\VideoController.php, line 228
ReflectionMethod::invokeArgs() - [internal], line ??
Controller::invokeAction() - CORE\Cake\Controller\Controller.php, line 490
Dispatcher::_invoke() - CORE\Cake\Routing\Dispatcher.php, line 193
Dispatcher::dispatch() - CORE\Cake\Routing\Dispatcher.php, line 167
[main] - APP\webroot\index.php, line 111

2016-01-26 20:57:13 Debug: Notice (8): Undefined offset: 0 in [D:\wamp\www\xonxao\app\View\Video\category.ctp, line 17]
Trace:
include - APP\View\Video\category.ctp, line 17
View::_evaluate() - CORE\Cake\View\View.php, line 971
View::_render() - CORE\Cake\View\View.php, line 933
View::render() - CORE\Cake\View\View.php, line 473
Controller::render() - CORE\Cake\Controller\Controller.php, line 960
Dispatcher::_invoke() - CORE\Cake\Routing\Dispatcher.php, line 200
Dispatcher::dispatch() - CORE\Cake\Routing\Dispatcher.php, line 167
[main] - APP\webroot\index.php, line 111

2016-01-26 20:57:13 Debug: Notice (8): Undefined offset: 0 in [D:\wamp\www\xonxao\app\View\Video\category.ctp, line 17]
Trace:
include - APP\View\Video\category.ctp, line 17
View::_evaluate() - CORE\Cake\View\View.php, line 971
View::_render() - CORE\Cake\View\View.php, line 933
View::render() - CORE\Cake\View\View.php, line 473
Controller::render() - CORE\Cake\Controller\Controller.php, line 960
Dispatcher::_invoke() - CORE\Cake\Routing\Dispatcher.php, line 200
Dispatcher::dispatch() - CORE\Cake\Routing\Dispatcher.php, line 167
[main] - APP\webroot\index.php, line 111

2016-01-26 20:57:13 Debug: Notice (8): Undefined offset: 0 in [D:\wamp\www\xonxao\app\View\Video\category.ctp, line 20]
Trace:
include - APP\View\Video\category.ctp, line 20
View::_evaluate() - CORE\Cake\View\View.php, line 971
View::_render() - CORE\Cake\View\View.php, line 933
View::render() - CORE\Cake\View\View.php, line 473
Controller::render() - CORE\Cake\Controller\Controller.php, line 960
Dispatcher::_invoke() - CORE\Cake\Routing\Dispatcher.php, line 200
Dispatcher::dispatch() - CORE\Cake\Routing\Dispatcher.php, line 167
[main] - APP\webroot\index.php, line 111

2016-01-26 20:57:13 Debug: Notice (8): Undefined offset: 0 in [D:\wamp\www\xonxao\app\View\Video\category.ctp, line 20]
Trace:
include - APP\View\Video\category.ctp, line 20
View::_evaluate() - CORE\Cake\View\View.php, line 971
View::_render() - CORE\Cake\View\View.php, line 933
View::render() - CORE\Cake\View\View.php, line 473
Controller::render() - CORE\Cake\Controller\Controller.php, line 960
Dispatcher::_invoke() - CORE\Cake\Routing\Dispatcher.php, line 200
Dispatcher::dispatch() - CORE\Cake\Routing\Dispatcher.php, line 167
[main] - APP\webroot\index.php, line 111

2016-01-26 20:57:13 Debug: Notice (8): Undefined offset: 0 in [D:\wamp\www\xonxao\app\View\Video\category.ctp, line 28]
Trace:
include - APP\View\Video\category.ctp, line 28
View::_evaluate() - CORE\Cake\View\View.php, line 971
View::_render() - CORE\Cake\View\View.php, line 933
View::render() - CORE\Cake\View\View.php, line 473
Controller::render() - CORE\Cake\Controller\Controller.php, line 960
Dispatcher::_invoke() - CORE\Cake\Routing\Dispatcher.php, line 200
Dispatcher::dispatch() - CORE\Cake\Routing\Dispatcher.php, line 167
[main] - APP\webroot\index.php, line 111

2016-01-26 20:57:13 Debug: Notice (8): Undefined offset: 0 in [D:\wamp\www\xonxao\app\View\Video\category.ctp, line 29]
Trace:
include - APP\View\Video\category.ctp, line 29
View::_evaluate() - CORE\Cake\View\View.php, line 971
View::_render() - CORE\Cake\View\View.php, line 933
View::render() - CORE\Cake\View\View.php, line 473
Controller::render() - CORE\Cake\Controller\Controller.php, line 960
Dispatcher::_invoke() - CORE\Cake\Routing\Dispatcher.php, line 200
Dispatcher::dispatch() - CORE\Cake\Routing\Dispatcher.php, line 167
[main] - APP\webroot\index.php, line 111

2016-01-26 20:57:13 Debug: Notice (8): Undefined offset: 0 in [D:\wamp\www\xonxao\app\View\Video\category.ctp, line 30]
Trace:
include - APP\View\Video\category.ctp, line 30
View::_evaluate() - CORE\Cake\View\View.php, line 971
View::_render() - CORE\Cake\View\View.php, line 933
View::render() - CORE\Cake\View\View.php, line 473
Controller::render() - CORE\Cake\Controller\Controller.php, line 960
Dispatcher::_invoke() - CORE\Cake\Routing\Dispatcher.php, line 200
Dispatcher::dispatch() - CORE\Cake\Routing\Dispatcher.php, line 167
[main] - APP\webroot\index.php, line 111

2016-01-26 20:57:13 Debug: Notice (8): Undefined offset: 1 in [D:\wamp\www\xonxao\app\View\Video\category.ctp, line 45]
Trace:
include - APP\View\Video\category.ctp, line 45
View::_evaluate() - CORE\Cake\View\View.php, line 971
View::_render() - CORE\Cake\View\View.php, line 933
View::render() - CORE\Cake\View\View.php, line 473
Controller::render() - CORE\Cake\Controller\Controller.php, line 960
Dispatcher::_invoke() - CORE\Cake\Routing\Dispatcher.php, line 200
Dispatcher::dispatch() - CORE\Cake\Routing\Dispatcher.php, line 167
[main] - APP\webroot\index.php, line 111

2016-01-26 20:57:13 Debug: Notice (8): Undefined offset: 1 in [D:\wamp\www\xonxao\app\View\Video\category.ctp, line 45]
Trace:
include - APP\View\Video\category.ctp, line 45
View::_evaluate() - CORE\Cake\View\View.php, line 971
View::_render() - CORE\Cake\View\View.php, line 933
View::render() - CORE\Cake\View\View.php, line 473
Controller::render() - CORE\Cake\Controller\Controller.php, line 960
Dispatcher::_invoke() - CORE\Cake\Routing\Dispatcher.php, line 200
Dispatcher::dispatch() - CORE\Cake\Routing\Dispatcher.php, line 167
[main] - APP\webroot\index.php, line 111

2016-01-26 20:57:13 Debug: Notice (8): Undefined offset: 1 in [D:\wamp\www\xonxao\app\View\Video\category.ctp, line 47]
Trace:
include - APP\View\Video\category.ctp, line 47
View::_evaluate() - CORE\Cake\View\View.php, line 971
View::_render() - CORE\Cake\View\View.php, line 933
View::render() - CORE\Cake\View\View.php, line 473
Controller::render() - CORE\Cake\Controller\Controller.php, line 960
Dispatcher::_invoke() - CORE\Cake\Routing\Dispatcher.php, line 200
Dispatcher::dispatch() - CORE\Cake\Routing\Dispatcher.php, line 167
[main] - APP\webroot\index.php, line 111

2016-01-26 20:57:13 Debug: Notice (8): Undefined offset: 1 in [D:\wamp\www\xonxao\app\View\Video\category.ctp, line 47]
Trace:
include - APP\View\Video\category.ctp, line 47
View::_evaluate() - CORE\Cake\View\View.php, line 971
View::_render() - CORE\Cake\View\View.php, line 933
View::render() - CORE\Cake\View\View.php, line 473
Controller::render() - CORE\Cake\Controller\Controller.php, line 960
Dispatcher::_invoke() - CORE\Cake\Routing\Dispatcher.php, line 200
Dispatcher::dispatch() - CORE\Cake\Routing\Dispatcher.php, line 167
[main] - APP\webroot\index.php, line 111

2016-01-26 20:57:13 Debug: Notice (8): Undefined offset: 1 in [D:\wamp\www\xonxao\app\View\Video\category.ctp, line 55]
Trace:
include - APP\View\Video\category.ctp, line 55
View::_evaluate() - CORE\Cake\View\View.php, line 971
View::_render() - CORE\Cake\View\View.php, line 933
View::render() - CORE\Cake\View\View.php, line 473
Controller::render() - CORE\Cake\Controller\Controller.php, line 960
Dispatcher::_invoke() - CORE\Cake\Routing\Dispatcher.php, line 200
Dispatcher::dispatch() - CORE\Cake\Routing\Dispatcher.php, line 167
[main] - APP\webroot\index.php, line 111

2016-01-26 20:57:13 Debug: Notice (8): Undefined offset: 1 in [D:\wamp\www\xonxao\app\View\Video\category.ctp, line 56]
Trace:
include - APP\View\Video\category.ctp, line 56
View::_evaluate() - CORE\Cake\View\View.php, line 971
View::_render() - CORE\Cake\View\View.php, line 933
View::render() - CORE\Cake\View\View.php, line 473
Controller::render() - CORE\Cake\Controller\Controller.php, line 960
Dispatcher::_invoke() - CORE\Cake\Routing\Dispatcher.php, line 200
Dispatcher::dispatch() - CORE\Cake\Routing\Dispatcher.php, line 167
[main] - APP\webroot\index.php, line 111

2016-01-26 20:57:13 Debug: Notice (8): Undefined offset: 1 in [D:\wamp\www\xonxao\app\View\Video\category.ctp, line 57]
Trace:
include - APP\View\Video\category.ctp, line 57
View::_evaluate() - CORE\Cake\View\View.php, line 971
View::_render() - CORE\Cake\View\View.php, line 933
View::render() - CORE\Cake\View\View.php, line 473
Controller::render() - CORE\Cake\Controller\Controller.php, line 960
Dispatcher::_invoke() - CORE\Cake\Routing\Dispatcher.php, line 200
Dispatcher::dispatch() - CORE\Cake\Routing\Dispatcher.php, line 167
[main] - APP\webroot\index.php, line 111

2016-01-26 20:57:13 Debug: Notice (8): Undefined offset: 2 in [D:\wamp\www\xonxao\app\View\Video\category.ctp, line 71]
Trace:
include - APP\View\Video\category.ctp, line 71
View::_evaluate() - CORE\Cake\View\View.php, line 971
View::_render() - CORE\Cake\View\View.php, line 933
View::render() - CORE\Cake\View\View.php, line 473
Controller::render() - CORE\Cake\Controller\Controller.php, line 960
Dispatcher::_invoke() - CORE\Cake\Routing\Dispatcher.php, line 200
Dispatcher::dispatch() - CORE\Cake\Routing\Dispatcher.php, line 167
[main] - APP\webroot\index.php, line 111

2016-01-26 20:57:13 Debug: Notice (8): Undefined offset: 2 in [D:\wamp\www\xonxao\app\View\Video\category.ctp, line 71]
Trace:
include - APP\View\Video\category.ctp, line 71
View::_evaluate() - CORE\Cake\View\View.php, line 971
View::_render() - CORE\Cake\View\View.php, line 933
View::render() - CORE\Cake\View\View.php, line 473
Controller::render() - CORE\Cake\Controller\Controller.php, line 960
Dispatcher::_invoke() - CORE\Cake\Routing\Dispatcher.php, line 200
Dispatcher::dispatch() - CORE\Cake\Routing\Dispatcher.php, line 167
[main] - APP\webroot\index.php, line 111

2016-01-26 20:57:13 Debug: Notice (8): Undefined offset: 2 in [D:\wamp\www\xonxao\app\View\Video\category.ctp, line 73]
Trace:
include - APP\View\Video\category.ctp, line 73
View::_evaluate() - CORE\Cake\View\View.php, line 971
View::_render() - CORE\Cake\View\View.php, line 933
View::render() - CORE\Cake\View\View.php, line 473
Controller::render() - CORE\Cake\Controller\Controller.php, line 960
Dispatcher::_invoke() - CORE\Cake\Routing\Dispatcher.php, line 200
Dispatcher::dispatch() - CORE\Cake\Routing\Dispatcher.php, line 167
[main] - APP\webroot\index.php, line 111

2016-01-26 20:57:13 Debug: Notice (8): Undefined offset: 2 in [D:\wamp\www\xonxao\app\View\Video\category.ctp, line 73]
Trace:
include - APP\View\Video\category.ctp, line 73
View::_evaluate() - CORE\Cake\View\View.php, line 971
View::_render() - CORE\Cake\View\View.php, line 933
View::render() - CORE\Cake\View\View.php, line 473
Controller::render() - CORE\Cake\Controller\Controller.php, line 960
Dispatcher::_invoke() - CORE\Cake\Routing\Dispatcher.php, line 200
Dispatcher::dispatch() - CORE\Cake\Routing\Dispatcher.php, line 167
[main] - APP\webroot\index.php, line 111

2016-01-26 20:57:13 Debug: Notice (8): Undefined offset: 2 in [D:\wamp\www\xonxao\app\View\Video\category.ctp, line 81]
Trace:
include - APP\View\Video\category.ctp, line 81
View::_evaluate() - CORE\Cake\View\View.php, line 971
View::_render() - CORE\Cake\View\View.php, line 933
View::render() - CORE\Cake\View\View.php, line 473
Controller::render() - CORE\Cake\Controller\Controller.php, line 960
Dispatcher::_invoke() - CORE\Cake\Routing\Dispatcher.php, line 200
Dispatcher::dispatch() - CORE\Cake\Routing\Dispatcher.php, line 167
[main] - APP\webroot\index.php, line 111

2016-01-26 20:57:13 Debug: Notice (8): Undefined offset: 2 in [D:\wamp\www\xonxao\app\View\Video\category.ctp, line 82]
Trace:
include - APP\View\Video\category.ctp, line 82
View::_evaluate() - CORE\Cake\View\View.php, line 971
View::_render() - CORE\Cake\View\View.php, line 933
View::render() - CORE\Cake\View\View.php, line 473
Controller::render() - CORE\Cake\Controller\Controller.php, line 960
Dispatcher::_invoke() - CORE\Cake\Routing\Dispatcher.php, line 200
Dispatcher::dispatch() - CORE\Cake\Routing\Dispatcher.php, line 167
[main] - APP\webroot\index.php, line 111

2016-01-26 20:57:13 Debug: Notice (8): Undefined offset: 2 in [D:\wamp\www\xonxao\app\View\Video\category.ctp, line 83]
Trace:
include - APP\View\Video\category.ctp, line 83
View::_evaluate() - CORE\Cake\View\View.php, line 971
View::_render() - CORE\Cake\View\View.php, line 933
View::render() - CORE\Cake\View\View.php, line 473
Controller::render() - CORE\Cake\Controller\Controller.php, line 960
Dispatcher::_invoke() - CORE\Cake\Routing\Dispatcher.php, line 200
Dispatcher::dispatch() - CORE\Cake\Routing\Dispatcher.php, line 167
[main] - APP\webroot\index.php, line 111

