2016-01-12 15:14:33 Error: [MissingControllerException] Controller class WebrootController could not be found.
Exception Attributes: array (
  'class' => 'WebrootController',
  'plugin' => NULL,
)
Request URL: /admin/webroot/upload/image/files/SLIDESHOW/3578266_national-geographic-photo-of-the-day-internet-favorites-2015-23__880.jpg
Stack Trace:
#0 D:\wamp\www\xonxao\admin\webroot\index.php(92): Dispatcher->dispatch(Object(CakeRequest), Object(CakeResponse))
#1 {main}
2016-01-12 15:14:51 Error: [MissingControllerException] Controller class WebrootController could not be found.
Exception Attributes: array (
  'class' => 'WebrootController',
  'plugin' => NULL,
)
Request URL: /admin/webroot/upload/image/files/SLIDESHOW/3578266_national-geographic-photo-of-the-day-internet-favorites-2015-23__880.jpg
Stack Trace:
#0 D:\wamp\www\xonxao\admin\webroot\index.php(92): Dispatcher->dispatch(Object(CakeRequest), Object(CakeResponse))
#1 {main}
2016-01-12 15:14:52 Error: [MissingControllerException] Controller class WebrootController could not be found.
Exception Attributes: array (
  'class' => 'WebrootController',
  'plugin' => NULL,
)
Request URL: /admin/webroot/upload/image/files/SLIDESHOW/3578266_national-geographic-photo-of-the-day-internet-favorites-2015-23__880.jpg
Stack Trace:
#0 D:\wamp\www\xonxao\admin\webroot\index.php(92): Dispatcher->dispatch(Object(CakeRequest), Object(CakeResponse))
#1 {main}
2016-01-12 15:15:26 Error: [MissingControllerException] Controller class WebrootController could not be found.
Exception Attributes: array (
  'class' => 'WebrootController',
  'plugin' => NULL,
)
Request URL: /admin/webroot/upload/image/files/SLIDESHOW/3578266_national-geographic-photo-of-the-day-internet-favorites-2015-23__880.jpg
Stack Trace:
#0 D:\wamp\www\xonxao\admin\webroot\index.php(92): Dispatcher->dispatch(Object(CakeRequest), Object(CakeResponse))
#1 {main}
2016-01-12 15:15:27 Error: [MissingControllerException] Controller class WebrootController could not be found.
Exception Attributes: array (
  'class' => 'WebrootController',
  'plugin' => NULL,
)
Request URL: /admin/webroot/upload/image/files/SLIDESHOW/3578266_national-geographic-photo-of-the-day-internet-favorites-2015-23__880.jpg
Stack Trace:
#0 D:\wamp\www\xonxao\admin\webroot\index.php(92): Dispatcher->dispatch(Object(CakeRequest), Object(CakeResponse))
#1 {main}
2016-01-12 15:24:20 Error: [MissingControllerException] Controller class WebrootController could not be found.
Exception Attributes: array (
  'class' => 'WebrootController',
  'plugin' => NULL,
)
Request URL: /admin/webroot/upload/image/files/SLIDESHOW/3578266_national-geographic-photo-of-the-day-internet-favorites-2015-23__880.jpg
Stack Trace:
#0 D:\wamp\www\xonxao\admin\webroot\index.php(92): Dispatcher->dispatch(Object(CakeRequest), Object(CakeResponse))
#1 {main}
2016-01-12 15:24:21 Error: [MissingControllerException] Controller class WebrootController could not be found.
Exception Attributes: array (
  'class' => 'WebrootController',
  'plugin' => NULL,
)
Request URL: /admin/webroot/upload/image/files/SLIDESHOW/LINK%2520EX06.jpg
Stack Trace:
#0 D:\wamp\www\xonxao\admin\webroot\index.php(92): Dispatcher->dispatch(Object(CakeRequest), Object(CakeResponse))
#1 {main}
2016-01-12 15:24:22 Error: [MissingControllerException] Controller class WebrootController could not be found.
Exception Attributes: array (
  'class' => 'WebrootController',
  'plugin' => NULL,
)
Request URL: /admin/webroot/upload/image/files/SLIDESHOW/3578266_national-geographic-photo-of-the-day-internet-favorites-2015-23__880.jpg
Stack Trace:
#0 D:\wamp\www\xonxao\admin\webroot\index.php(92): Dispatcher->dispatch(Object(CakeRequest), Object(CakeResponse))
#1 {main}
2016-01-12 15:47:21 Error: [MissingControllerException] Controller class WebrootController could not be found.
Exception Attributes: array (
  'class' => 'WebrootController',
  'plugin' => NULL,
)
Request URL: /admin/webroot/upload/image/files/SLIDESHOW/3578266_national-geographic-photo-of-the-day-internet-favorites-2015-23__880.jpg
Stack Trace:
#0 D:\wamp\www\xonxao\admin\webroot\index.php(92): Dispatcher->dispatch(Object(CakeRequest), Object(CakeResponse))
#1 {main}
2016-01-12 16:34:02 Error: [MissingControllerException] Controller class WebrootController could not be found.
Exception Attributes: array (
  'class' => 'WebrootController',
  'plugin' => NULL,
)
Request URL: /admin/webroot/upload/image/files/SLIDESHOW/LINK%2520EX06.jpg
Stack Trace:
#0 D:\wamp\www\xonxao\admin\webroot\index.php(92): Dispatcher->dispatch(Object(CakeRequest), Object(CakeResponse))
#1 {main}
2016-01-12 16:34:20 Error: [MissingControllerException] Controller class WebrootController could not be found.
Exception Attributes: array (
  'class' => 'WebrootController',
  'plugin' => NULL,
)
Request URL: /admin/webroot/upload/image/files/SLIDESHOW/LINK%2520EX06.jpg
Stack Trace:
#0 D:\wamp\www\xonxao\admin\webroot\index.php(92): Dispatcher->dispatch(Object(CakeRequest), Object(CakeResponse))
#1 {main}
2016-01-12 16:34:49 Error: [MissingControllerException] Controller class WebrootController could not be found.
Exception Attributes: array (
  'class' => 'WebrootController',
  'plugin' => NULL,
)
Request URL: /admin/webroot/upload/image/files/SLIDESHOW/LINK%2520EX06.jpg
Stack Trace:
#0 D:\wamp\www\xonxao\admin\webroot\index.php(92): Dispatcher->dispatch(Object(CakeRequest), Object(CakeResponse))
#1 {main}
2016-01-12 16:40:56 Error: [MissingControllerException] Controller class WebrootController could not be found.
Exception Attributes: array (
  'class' => 'WebrootController',
  'plugin' => NULL,
)
Request URL: /admin/webroot/upload/image/files/SLIDESHOW/LINK%2520EX06.jpg
Stack Trace:
#0 D:\wamp\www\xonxao\admin\webroot\index.php(92): Dispatcher->dispatch(Object(CakeRequest), Object(CakeResponse))
#1 {main}
2016-01-12 16:49:13 Error: [MissingControllerException] Controller class WebrootController could not be found.
Exception Attributes: array (
  'class' => 'WebrootController',
  'plugin' => NULL,
)
Request URL: /admin/webroot/upload/image/files/SLIDESHOW/LINK%2520EX06.jpg
Stack Trace:
#0 D:\wamp\www\xonxao\admin\webroot\index.php(92): Dispatcher->dispatch(Object(CakeRequest), Object(CakeResponse))
#1 {main}
2016-01-12 16:50:19 Error: [MissingControllerException] Controller class WebrootController could not be found.
Exception Attributes: array (
  'class' => 'WebrootController',
  'plugin' => NULL,
)
Request URL: /admin/webroot/upload/image/files/SLIDESHOW/LINK%2520EX01.jpg
Stack Trace:
#0 D:\wamp\www\xonxao\admin\webroot\index.php(92): Dispatcher->dispatch(Object(CakeRequest), Object(CakeResponse))
#1 {main}
2016-01-12 16:50:31 Error: [MissingControllerException] Controller class WebrootController could not be found.
Exception Attributes: array (
  'class' => 'WebrootController',
  'plugin' => NULL,
)
Request URL: /admin/webroot/upload/image/files/SLIDESHOW/LINK%2520EX06.jpg
Stack Trace:
#0 D:\wamp\www\xonxao\admin\webroot\index.php(92): Dispatcher->dispatch(Object(CakeRequest), Object(CakeResponse))
#1 {main}
2016-01-12 16:50:38 Error: [MissingControllerException] Controller class WebrootController could not be found.
Exception Attributes: array (
  'class' => 'WebrootController',
  'plugin' => NULL,
)
Request URL: /admin/webroot/upload/image/files/SLIDESHOW/LINK%2520EX05.jpg
Stack Trace:
#0 D:\wamp\www\xonxao\admin\webroot\index.php(92): Dispatcher->dispatch(Object(CakeRequest), Object(CakeResponse))
#1 {main}
2016-01-12 16:54:47 Error: [MissingControllerException] Controller class WebrootController could not be found.
Exception Attributes: array (
  'class' => 'WebrootController',
  'plugin' => NULL,
)
Request URL: /admin/webroot/upload/image/files/SLIDESHOW/LINK%2520EX06.jpg
Stack Trace:
#0 D:\wamp\www\xonxao\admin\webroot\index.php(92): Dispatcher->dispatch(Object(CakeRequest), Object(CakeResponse))
#1 {main}
2016-01-14 06:18:18 Error: [MissingControllerException] Controller class WebrootController could not be found.
Exception Attributes: array (
  'class' => 'WebrootController',
  'plugin' => NULL,
)
Request URL: /admin/webroot/upload/image/files/SLIDESHOW/3578266_national-geographic-photo-of-the-day-internet-favorites-2015-23__880.jpg
Stack Trace:
#0 D:\wamp\www\xonxao\admin\webroot\index.php(92): Dispatcher->dispatch(Object(CakeRequest), Object(CakeResponse))
#1 {main}
2016-01-14 06:18:19 Error: [MissingControllerException] Controller class WebrootController could not be found.
Exception Attributes: array (
  'class' => 'WebrootController',
  'plugin' => NULL,
)
Request URL: /admin/webroot/upload/image/files/SLIDESHOW/3578266_national-geographic-photo-of-the-day-internet-favorites-2015-23__880.jpg
Stack Trace:
#0 D:\wamp\www\xonxao\admin\webroot\index.php(92): Dispatcher->dispatch(Object(CakeRequest), Object(CakeResponse))
#1 {main}
2016-01-14 06:34:48 Error: [MissingControllerException] Controller class WebrootController could not be found.
Exception Attributes: array (
  'class' => 'WebrootController',
  'plugin' => NULL,
)
Request URL: /admin/webroot/upload/image/files/SLIDESHOW/3578266_national-geographic-photo-of-the-day-internet-favorites-2015-23__880.jpg
Stack Trace:
#0 D:\wamp\www\xonxao\admin\webroot\index.php(92): Dispatcher->dispatch(Object(CakeRequest), Object(CakeResponse))
#1 {main}
2016-01-14 06:34:50 Error: [MissingControllerException] Controller class WebrootController could not be found.
Exception Attributes: array (
  'class' => 'WebrootController',
  'plugin' => NULL,
)
Request URL: /admin/webroot/upload/image/files/SLIDESHOW/3578266_national-geographic-photo-of-the-day-internet-favorites-2015-23__880.jpg
Stack Trace:
#0 D:\wamp\www\xonxao\admin\webroot\index.php(92): Dispatcher->dispatch(Object(CakeRequest), Object(CakeResponse))
#1 {main}
2016-01-14 06:34:52 Error: [MissingControllerException] Controller class WebrootController could not be found.
Exception Attributes: array (
  'class' => 'WebrootController',
  'plugin' => NULL,
)
Request URL: /admin/webroot/upload/image/files/SLIDESHOW/3578266_national-geographic-photo-of-the-day-internet-favorites-2015-23__880.jpg
Stack Trace:
#0 D:\wamp\www\xonxao\admin\webroot\index.php(92): Dispatcher->dispatch(Object(CakeRequest), Object(CakeResponse))
#1 {main}
2016-01-14 06:34:54 Error: [MissingControllerException] Controller class WebrootController could not be found.
Exception Attributes: array (
  'class' => 'WebrootController',
  'plugin' => NULL,
)
Request URL: /admin/webroot/upload/image/files/SLIDESHOW/3578266_national-geographic-photo-of-the-day-internet-favorites-2015-23__880.jpg
Stack Trace:
#0 D:\wamp\www\xonxao\admin\webroot\index.php(92): Dispatcher->dispatch(Object(CakeRequest), Object(CakeResponse))
#1 {main}
2016-01-14 16:22:35 Error: [MissingControllerException] Controller class WebrootController could not be found.
Exception Attributes: array (
  'class' => 'WebrootController',
  'plugin' => NULL,
)
Request URL: /admin/webroot/upload/image/files/hoa-muop.jpg
Stack Trace:
#0 D:\wamp\www\xonxao\admin\webroot\index.php(92): Dispatcher->dispatch(Object(CakeRequest), Object(CakeResponse))
#1 {main}
2016-01-14 16:22:35 Error: [MissingControllerException] Controller class WebrootController could not be found.
Exception Attributes: array (
  'class' => 'WebrootController',
  'plugin' => NULL,
)
Request URL: /admin/webroot/upload/image/files/SLIDESHOW/Ch%E1%BB%91ng%20%C4%91%E1%BA%A9y%20b%E1%BA%B1ng%202%20ch%C3%A2n%20-%20%E1%BA%A2o%20qu%C3%A1.png
Stack Trace:
#0 D:\wamp\www\xonxao\admin\webroot\index.php(92): Dispatcher->dispatch(Object(CakeRequest), Object(CakeResponse))
#1 {main}
2016-01-14 16:22:35 Error: [MissingControllerException] Controller class WebrootController could not be found.
Exception Attributes: array (
  'class' => 'WebrootController',
  'plugin' => NULL,
)
Request URL: /admin/webroot/upload/image/files/SLIDESHOW/C%C3%A1ch%20h%E1%BB%8Fi%20gi%E1%BB%9D%20b%C3%A1%20%C4%91%E1%BA%A1o%20nh%E1%BA%A5t%20qu%E1%BA%A3%20%C4%91%E1%BA%A5t.png
Stack Trace:
#0 D:\wamp\www\xonxao\admin\webroot\index.php(92): Dispatcher->dispatch(Object(CakeRequest), Object(CakeResponse))
#1 {main}
2016-01-14 16:22:35 Error: [MissingControllerException] Controller class WebrootController could not be found.
Exception Attributes: array (
  'class' => 'WebrootController',
  'plugin' => NULL,
)
Request URL: /admin/webroot/upload/image/files/SLIDESHOW/Khi%20ch%E1%BB%8B%20em%20l%C3%A0m%20t%E1%BB%95%20l%C3%A1i.png
Stack Trace:
#0 D:\wamp\www\xonxao\admin\webroot\index.php(92): Dispatcher->dispatch(Object(CakeRequest), Object(CakeResponse))
#1 {main}
2016-01-14 16:22:35 Error: [MissingControllerException] Controller class WebrootController could not be found.
Exception Attributes: array (
  'class' => 'WebrootController',
  'plugin' => NULL,
)
Request URL: /admin/webroot/upload/image/files/SLIDESHOW/M%C3%A3i%20nh%C3%ACn%20Ma%20%C4%91%E1%BA%BFn%20n%E1%BB%97i%20lao%20%C4%91%E1%BA%A7u%20xu%E1%BB%91ng%20c%E1%BB%91ng.png
Stack Trace:
#0 D:\wamp\www\xonxao\admin\webroot\index.php(92): Dispatcher->dispatch(Object(CakeRequest), Object(CakeResponse))
#1 {main}
2016-01-14 16:22:35 Error: [MissingControllerException] Controller class WebrootController could not be found.
Exception Attributes: array (
  'class' => 'WebrootController',
  'plugin' => NULL,
)
Request URL: /admin/webroot/upload/image/files/SLIDESHOW/Ch%C3%B3%20gi%E1%BA%A3%20ch%E1%BA%BFt%20g%C3%A2y%20s%E1%BB%91t.png
Stack Trace:
#0 D:\wamp\www\xonxao\admin\webroot\index.php(92): Dispatcher->dispatch(Object(CakeRequest), Object(CakeResponse))
#1 {main}
2016-01-14 16:22:35 Error: [MissingControllerException] Controller class WebrootController could not be found.
Exception Attributes: array (
  'class' => 'WebrootController',
  'plugin' => NULL,
)
Request URL: /admin/webroot/upload/image/files/SLIDESHOW/Khi%20c%C3%BAn%20%C4%91i%20l%C3%A0m%20c%C3%B4ng%20nh%C3%A2n.png
Stack Trace:
#0 D:\wamp\www\xonxao\admin\webroot\index.php(92): Dispatcher->dispatch(Object(CakeRequest), Object(CakeResponse))
#1 {main}
2016-01-14 16:22:35 Error: [MissingControllerException] Controller class WebrootController could not be found.
Exception Attributes: array (
  'class' => 'WebrootController',
  'plugin' => NULL,
)
Request URL: /admin/webroot/upload/image/files/SLIDESHOW/L%E1%BA%A1c%20%C4%91%C3%A0%20bi%E1%BA%BFt%20v%E1%BA%B7n%20v%C3%B2i%20%C4%91%E1%BB%83%20u%E1%BB%91ng%20n%C6%B0%E1%BB%9Bc.png
Stack Trace:
#0 D:\wamp\www\xonxao\admin\webroot\index.php(92): Dispatcher->dispatch(Object(CakeRequest), Object(CakeResponse))
#1 {main}
2016-01-14 16:22:38 Error: [MissingControllerException] Controller class WebrootController could not be found.
Exception Attributes: array (
  'class' => 'WebrootController',
  'plugin' => NULL,
)
Request URL: /admin/webroot/upload/image/files/hoa-muop.jpg
Stack Trace:
#0 D:\wamp\www\xonxao\admin\webroot\index.php(92): Dispatcher->dispatch(Object(CakeRequest), Object(CakeResponse))
#1 {main}
2016-01-14 16:22:38 Error: [MissingControllerException] Controller class WebrootController could not be found.
Exception Attributes: array (
  'class' => 'WebrootController',
  'plugin' => NULL,
)
Request URL: /admin/webroot/upload/image/files/SLIDESHOW/Ch%E1%BB%91ng%20%C4%91%E1%BA%A9y%20b%E1%BA%B1ng%202%20ch%C3%A2n%20-%20%E1%BA%A2o%20qu%C3%A1.png
Stack Trace:
#0 D:\wamp\www\xonxao\admin\webroot\index.php(92): Dispatcher->dispatch(Object(CakeRequest), Object(CakeResponse))
#1 {main}
2016-01-14 16:22:38 Error: [MissingControllerException] Controller class WebrootController could not be found.
Exception Attributes: array (
  'class' => 'WebrootController',
  'plugin' => NULL,
)
Request URL: /admin/webroot/upload/image/files/SLIDESHOW/Khi%20ch%E1%BB%8B%20em%20l%C3%A0m%20t%E1%BB%95%20l%C3%A1i.png
Stack Trace:
#0 D:\wamp\www\xonxao\admin\webroot\index.php(92): Dispatcher->dispatch(Object(CakeRequest), Object(CakeResponse))
#1 {main}
2016-01-14 16:22:38 Error: [MissingControllerException] Controller class WebrootController could not be found.
Exception Attributes: array (
  'class' => 'WebrootController',
  'plugin' => NULL,
)
Request URL: /admin/webroot/upload/image/files/SLIDESHOW/L%E1%BA%A1c%20%C4%91%C3%A0%20bi%E1%BA%BFt%20v%E1%BA%B7n%20v%C3%B2i%20%C4%91%E1%BB%83%20u%E1%BB%91ng%20n%C6%B0%E1%BB%9Bc.png
Stack Trace:
#0 D:\wamp\www\xonxao\admin\webroot\index.php(92): Dispatcher->dispatch(Object(CakeRequest), Object(CakeResponse))
#1 {main}
2016-01-14 16:22:38 Error: [MissingControllerException] Controller class WebrootController could not be found.
Exception Attributes: array (
  'class' => 'WebrootController',
  'plugin' => NULL,
)
Request URL: /admin/webroot/upload/image/files/SLIDESHOW/Ch%C3%B3%20gi%E1%BA%A3%20ch%E1%BA%BFt%20g%C3%A2y%20s%E1%BB%91t.png
Stack Trace:
#0 D:\wamp\www\xonxao\admin\webroot\index.php(92): Dispatcher->dispatch(Object(CakeRequest), Object(CakeResponse))
#1 {main}
2016-01-14 16:22:38 Error: [MissingControllerException] Controller class WebrootController could not be found.
Exception Attributes: array (
  'class' => 'WebrootController',
  'plugin' => NULL,
)
Request URL: /admin/webroot/upload/image/files/SLIDESHOW/C%C3%A1ch%20h%E1%BB%8Fi%20gi%E1%BB%9D%20b%C3%A1%20%C4%91%E1%BA%A1o%20nh%E1%BA%A5t%20qu%E1%BA%A3%20%C4%91%E1%BA%A5t.png
Stack Trace:
#0 D:\wamp\www\xonxao\admin\webroot\index.php(92): Dispatcher->dispatch(Object(CakeRequest), Object(CakeResponse))
#1 {main}
2016-01-14 16:22:38 Error: [MissingControllerException] Controller class WebrootController could not be found.
Exception Attributes: array (
  'class' => 'WebrootController',
  'plugin' => NULL,
)
Request URL: /admin/webroot/upload/image/files/SLIDESHOW/Khi%20c%C3%BAn%20%C4%91i%20l%C3%A0m%20c%C3%B4ng%20nh%C3%A2n.png
Stack Trace:
#0 D:\wamp\www\xonxao\admin\webroot\index.php(92): Dispatcher->dispatch(Object(CakeRequest), Object(CakeResponse))
#1 {main}
2016-01-14 16:22:38 Error: [MissingControllerException] Controller class WebrootController could not be found.
Exception Attributes: array (
  'class' => 'WebrootController',
  'plugin' => NULL,
)
Request URL: /admin/webroot/upload/image/files/SLIDESHOW/M%C3%A3i%20nh%C3%ACn%20Ma%20%C4%91%E1%BA%BFn%20n%E1%BB%97i%20lao%20%C4%91%E1%BA%A7u%20xu%E1%BB%91ng%20c%E1%BB%91ng.png
Stack Trace:
#0 D:\wamp\www\xonxao\admin\webroot\index.php(92): Dispatcher->dispatch(Object(CakeRequest), Object(CakeResponse))
#1 {main}
2016-01-14 16:22:45 Error: [MissingControllerException] Controller class WebrootController could not be found.
Exception Attributes: array (
  'class' => 'WebrootController',
  'plugin' => NULL,
)
Request URL: /admin/webroot/upload/image/files/SLIDESHOW/3578266_national-geographic-photo-of-the-day-internet-favorites-2015-23__880.jpg
Stack Trace:
#0 D:\wamp\www\xonxao\admin\webroot\index.php(92): Dispatcher->dispatch(Object(CakeRequest), Object(CakeResponse))
#1 {main}
2016-01-14 16:22:46 Error: [MissingControllerException] Controller class WebrootController could not be found.
Exception Attributes: array (
  'class' => 'WebrootController',
  'plugin' => NULL,
)
Request URL: /admin/webroot/upload/image/files/SLIDESHOW/3578266_national-geographic-photo-of-the-day-internet-favorites-2015-23__880.jpg
Stack Trace:
#0 D:\wamp\www\xonxao\admin\webroot\index.php(92): Dispatcher->dispatch(Object(CakeRequest), Object(CakeResponse))
#1 {main}
2016-01-14 16:22:49 Error: [MissingControllerException] Controller class WebrootController could not be found.
Exception Attributes: array (
  'class' => 'WebrootController',
  'plugin' => NULL,
)
Request URL: /admin/webroot/upload/image/files/SLIDESHOW/B%E1%BB%8B%20tr%E1%BB%99m%20%C4%91%E1%BB%93%20khi%20%C4%91ang%20m%E1%BA%A3i%20%C4%91%E1%BB%95%20x%C4%83ng.png
Stack Trace:
#0 D:\wamp\www\xonxao\admin\webroot\index.php(92): Dispatcher->dispatch(Object(CakeRequest), Object(CakeResponse))
#1 {main}
2016-01-14 16:22:49 Error: [MissingControllerException] Controller class WebrootController could not be found.
Exception Attributes: array (
  'class' => 'WebrootController',
  'plugin' => NULL,
)
Request URL: /admin/webroot/upload/image/files/SLIDESHOW/Con%20qu%E1%BA%A1%20-l%E1%BA%A7y%20l%E1%BB%99i-%20nh%E1%BA%A5t%20qu%E1%BA%A3%20%C4%91%E1%BA%A5t.png
Stack Trace:
#0 D:\wamp\www\xonxao\admin\webroot\index.php(92): Dispatcher->dispatch(Object(CakeRequest), Object(CakeResponse))
#1 {main}
2016-01-14 16:22:49 Error: [MissingControllerException] Controller class WebrootController could not be found.
Exception Attributes: array (
  'class' => 'WebrootController',
  'plugin' => NULL,
)
Request URL: /admin/webroot/upload/image/files/SLIDESHOW/Gi%E1%BA%A3i%20C%E1%BB%A9u%20Th%C3%A0nh%20C%C3%B4ng%201%20Em%20Nh%E1%BA%A3y%20L%E1%BA%A7u.png
Stack Trace:
#0 D:\wamp\www\xonxao\admin\webroot\index.php(92): Dispatcher->dispatch(Object(CakeRequest), Object(CakeResponse))
#1 {main}
2016-01-14 16:22:49 Error: [MissingControllerException] Controller class WebrootController could not be found.
Exception Attributes: array (
  'class' => 'WebrootController',
  'plugin' => NULL,
)
Request URL: /admin/webroot/upload/image/files/SLIDESHOW/C%E1%BB%A5%20gi%C3%A0%20kh%E1%BB%8Fe%20nh%E1%BA%A5t%20n%C4%83m.png
Stack Trace:
#0 D:\wamp\www\xonxao\admin\webroot\index.php(92): Dispatcher->dispatch(Object(CakeRequest), Object(CakeResponse))
#1 {main}
2016-01-14 16:22:49 Error: [MissingControllerException] Controller class WebrootController could not be found.
Exception Attributes: array (
  'class' => 'WebrootController',
  'plugin' => NULL,
)
Request URL: /admin/webroot/upload/image/files/SLIDESHOW/Con%20ch%C3%B3%20t%C3%A8%20kh%C3%B4ng%20%C4%91%C3%BAng%20ch%E1%BB%97.png
Stack Trace:
#0 D:\wamp\www\xonxao\admin\webroot\index.php(92): Dispatcher->dispatch(Object(CakeRequest), Object(CakeResponse))
#1 {main}
2016-01-14 16:22:49 Error: [MissingControllerException] Controller class WebrootController could not be found.
Exception Attributes: array (
  'class' => 'WebrootController',
  'plugin' => NULL,
)
Request URL: /admin/webroot/upload/image/files/SLIDESHOW/M%C3%B9a%20%C4%90%C3%B4ng%2C%20%C4%91%E1%BA%BFn%20c%E1%BA%A3%20c%C3%BAn%20c%C5%A9ng%20l%C6%B0%E1%BB%9Di%20%C4%91i%20n%E1%BB%AFa%20l%C3%A0%20ng%C6%B0%E1%BB%9Di.png
Stack Trace:
#0 D:\wamp\www\xonxao\admin\webroot\index.php(92): Dispatcher->dispatch(Object(CakeRequest), Object(CakeResponse))
#1 {main}
2016-01-14 16:22:49 Error: [MissingControllerException] Controller class WebrootController could not be found.
Exception Attributes: array (
  'class' => 'WebrootController',
  'plugin' => NULL,
)
Request URL: /admin/webroot/upload/image/files/SLIDESHOW/Con%20g%C3%A0%20m%C3%BAa%20bale.png
Stack Trace:
#0 D:\wamp\www\xonxao\admin\webroot\index.php(92): Dispatcher->dispatch(Object(CakeRequest), Object(CakeResponse))
#1 {main}
2016-01-14 16:22:49 Error: [MissingControllerException] Controller class WebrootController could not be found.
Exception Attributes: array (
  'class' => 'WebrootController',
  'plugin' => NULL,
)
Request URL: /admin/webroot/upload/image/files/SLIDESHOW/Ng%C3%A3%20ch%E1%BB%95ng%20v%C3%B3%20v%C3%AC%20%C4%91%C3%A1%20ch%C3%B3.png
Stack Trace:
#0 D:\wamp\www\xonxao\admin\webroot\index.php(92): Dispatcher->dispatch(Object(CakeRequest), Object(CakeResponse))
#1 {main}
2016-01-14 16:22:49 Error: [MissingControllerException] Controller class WebrootController could not be found.
Exception Attributes: array (
  'class' => 'WebrootController',
  'plugin' => NULL,
)
Request URL: /admin/webroot/upload/image/files/SLIDESHOW/Ngh%E1%BB%8Bch%20d%E1%BA%A1i%20x%E1%BB%8Bt%20v%C3%B2i%20b%C3%ACnh%20c%E1%BB%A9u%20ho%E1%BA%A3%20v%C3%A0o%20mi%E1%BB%87ng.png
Stack Trace:
#0 D:\wamp\www\xonxao\admin\webroot\index.php(92): Dispatcher->dispatch(Object(CakeRequest), Object(CakeResponse))
#1 {main}
2016-01-14 16:22:49 Error: [MissingControllerException] Controller class WebrootController could not be found.
Exception Attributes: array (
  'class' => 'WebrootController',
  'plugin' => NULL,
)
Request URL: /admin/webroot/upload/image/files/SLIDESHOW/M%C3%A1i%20t%C3%B3c%20m%C3%A0o%20g%C3%A0%20v%C3%A0%20c%C3%B4ng%20d%E1%BB%A5ng%20c%E1%BB%B1c%20kh%C3%B3%20%C4%91%E1%BB%A1.png
Stack Trace:
#0 D:\wamp\www\xonxao\admin\webroot\index.php(92): Dispatcher->dispatch(Object(CakeRequest), Object(CakeResponse))
#1 {main}
2016-01-14 16:22:49 Error: [MissingControllerException] Controller class WebrootController could not be found.
Exception Attributes: array (
  'class' => 'WebrootController',
  'plugin' => NULL,
)
Request URL: /admin/webroot/upload/image/files/SLIDESHOW/M%C3%A3i%20nh%C3%ACn%20Ma%20%C4%91%E1%BA%BFn%20n%E1%BB%97i%20lao%20%C4%91%E1%BA%A7u%20xu%E1%BB%91ng%20c%E1%BB%91ng.png
Stack Trace:
#0 D:\wamp\www\xonxao\admin\webroot\index.php(92): Dispatcher->dispatch(Object(CakeRequest), Object(CakeResponse))
#1 {main}
2016-01-14 16:22:49 Error: [MissingControllerException] Controller class WebrootController could not be found.
Exception Attributes: array (
  'class' => 'WebrootController',
  'plugin' => NULL,
)
Request URL: /admin/webroot/upload/image/files/SLIDESHOW/L%E1%BA%A1c%20%C4%91%C3%A0%20bi%E1%BA%BFt%20v%E1%BA%B7n%20v%C3%B2i%20%C4%91%E1%BB%83%20u%E1%BB%91ng%20n%C6%B0%E1%BB%9Bc.png
Stack Trace:
#0 D:\wamp\www\xonxao\admin\webroot\index.php(92): Dispatcher->dispatch(Object(CakeRequest), Object(CakeResponse))
#1 {main}
2016-01-14 16:22:49 Error: [MissingControllerException] Controller class WebrootController could not be found.
Exception Attributes: array (
  'class' => 'WebrootController',
  'plugin' => NULL,
)
Request URL: /admin/webroot/upload/image/files/SLIDESHOW/Khi%20c%C3%BAn%20%C4%91i%20l%C3%A0m%20c%C3%B4ng%20nh%C3%A2n.png
Stack Trace:
#0 D:\wamp\www\xonxao\admin\webroot\index.php(92): Dispatcher->dispatch(Object(CakeRequest), Object(CakeResponse))
#1 {main}
2016-01-14 16:22:49 Error: [MissingControllerException] Controller class WebrootController could not be found.
Exception Attributes: array (
  'class' => 'WebrootController',
  'plugin' => NULL,
)
Request URL: /admin/webroot/upload/image/files/SLIDESHOW/h.png
Stack Trace:
#0 D:\wamp\www\xonxao\admin\webroot\index.php(92): Dispatcher->dispatch(Object(CakeRequest), Object(CakeResponse))
#1 {main}
2016-01-14 16:22:49 Error: [MissingControllerException] Controller class WebrootController could not be found.
Exception Attributes: array (
  'class' => 'WebrootController',
  'plugin' => NULL,
)
Request URL: /admin/webroot/upload/image/files/SLIDESHOW/Em%20b%C3%A9%20b%E1%BB%8B%20k%E1%BA%B9t%20%C4%91%E1%BA%A7u%20tr%C3%AAn%20lan%20can%20nh%C3%A0%20cao%20t%E1%BA%A7ng.png
Stack Trace:
#0 D:\wamp\www\xonxao\admin\webroot\index.php(92): Dispatcher->dispatch(Object(CakeRequest), Object(CakeResponse))
#1 {main}
2016-01-14 16:22:49 Error: [MissingControllerException] Controller class WebrootController could not be found.
Exception Attributes: array (
  'class' => 'WebrootController',
  'plugin' => NULL,
)
Request URL: /admin/webroot/upload/image/files/SLIDESHOW/%C4%90%E1%BB%ABng%20th%E1%BA%A5y%20anh%20nh%E1%BB%8F%20m%C3%A0%20coi%20th%C6%B0%E1%BB%9Dng.png
Stack Trace:
#0 D:\wamp\www\xonxao\admin\webroot\index.php(92): Dispatcher->dispatch(Object(CakeRequest), Object(CakeResponse))
#1 {main}
2016-01-14 16:22:49 Error: [MissingControllerException] Controller class WebrootController could not be found.
Exception Attributes: array (
  'class' => 'WebrootController',
  'plugin' => NULL,
)
Request URL: /admin/webroot/upload/image/files/SLIDESHOW/D%C3%AA%20con%20hi%E1%BA%BFu%20chi%E1%BA%BFn%2C%20g%C3%A2y%20h%E1%BA%A5n%20v%E1%BB%9Bi%20b%C3%B2.png
Stack Trace:
#0 D:\wamp\www\xonxao\admin\webroot\index.php(92): Dispatcher->dispatch(Object(CakeRequest), Object(CakeResponse))
#1 {main}
2016-01-14 16:22:54 Error: [MissingControllerException] Controller class WebrootController could not be found.
Exception Attributes: array (
  'class' => 'WebrootController',
  'plugin' => NULL,
)
Request URL: /admin/webroot/upload/image/files/SLIDESHOW/B%E1%BB%8B%20tr%E1%BB%99m%20%C4%91%E1%BB%93%20khi%20%C4%91ang%20m%E1%BA%A3i%20%C4%91%E1%BB%95%20x%C4%83ng.png
Stack Trace:
#0 D:\wamp\www\xonxao\admin\webroot\index.php(92): Dispatcher->dispatch(Object(CakeRequest), Object(CakeResponse))
#1 {main}
2016-01-14 16:22:54 Error: [MissingControllerException] Controller class WebrootController could not be found.
Exception Attributes: array (
  'class' => 'WebrootController',
  'plugin' => NULL,
)
Request URL: /admin/webroot/upload/image/files/SLIDESHOW/Con%20ch%C3%B3%20t%C3%A8%20kh%C3%B4ng%20%C4%91%C3%BAng%20ch%E1%BB%97.png
Stack Trace:
#0 D:\wamp\www\xonxao\admin\webroot\index.php(92): Dispatcher->dispatch(Object(CakeRequest), Object(CakeResponse))
#1 {main}
2016-01-14 16:22:54 Error: [MissingControllerException] Controller class WebrootController could not be found.
Exception Attributes: array (
  'class' => 'WebrootController',
  'plugin' => NULL,
)
Request URL: /admin/webroot/upload/image/files/SLIDESHOW/Con%20g%C3%A0%20m%C3%BAa%20bale.png
Stack Trace:
#0 D:\wamp\www\xonxao\admin\webroot\index.php(92): Dispatcher->dispatch(Object(CakeRequest), Object(CakeResponse))
#1 {main}
2016-01-14 16:22:54 Error: [MissingControllerException] Controller class WebrootController could not be found.
Exception Attributes: array (
  'class' => 'WebrootController',
  'plugin' => NULL,
)
Request URL: /admin/webroot/upload/image/files/SLIDESHOW/Gi%E1%BA%A3i%20C%E1%BB%A9u%20Th%C3%A0nh%20C%C3%B4ng%201%20Em%20Nh%E1%BA%A3y%20L%E1%BA%A7u.png
Stack Trace:
#0 D:\wamp\www\xonxao\admin\webroot\index.php(92): Dispatcher->dispatch(Object(CakeRequest), Object(CakeResponse))
#1 {main}
2016-01-14 16:22:54 Error: [MissingControllerException] Controller class WebrootController could not be found.
Exception Attributes: array (
  'class' => 'WebrootController',
  'plugin' => NULL,
)
Request URL: /admin/webroot/upload/image/files/SLIDESHOW/C%E1%BB%A5%20gi%C3%A0%20kh%E1%BB%8Fe%20nh%E1%BA%A5t%20n%C4%83m.png
Stack Trace:
#0 D:\wamp\www\xonxao\admin\webroot\index.php(92): Dispatcher->dispatch(Object(CakeRequest), Object(CakeResponse))
#1 {main}
2016-01-14 16:22:54 Error: [MissingControllerException] Controller class WebrootController could not be found.
Exception Attributes: array (
  'class' => 'WebrootController',
  'plugin' => NULL,
)
Request URL: /admin/webroot/upload/image/files/SLIDESHOW/Con%20qu%E1%BA%A1%20-l%E1%BA%A7y%20l%E1%BB%99i-%20nh%E1%BA%A5t%20qu%E1%BA%A3%20%C4%91%E1%BA%A5t.png
Stack Trace:
#0 D:\wamp\www\xonxao\admin\webroot\index.php(92): Dispatcher->dispatch(Object(CakeRequest), Object(CakeResponse))
#1 {main}
2016-01-14 16:22:54 Error: [MissingControllerException] Controller class WebrootController could not be found.
Exception Attributes: array (
  'class' => 'WebrootController',
  'plugin' => NULL,
)
Request URL: /admin/webroot/upload/image/files/SLIDESHOW/M%C3%B9a%20%C4%90%C3%B4ng%2C%20%C4%91%E1%BA%BFn%20c%E1%BA%A3%20c%C3%BAn%20c%C5%A9ng%20l%C6%B0%E1%BB%9Di%20%C4%91i%20n%E1%BB%AFa%20l%C3%A0%20ng%C6%B0%E1%BB%9Di.png
Stack Trace:
#0 D:\wamp\www\xonxao\admin\webroot\index.php(92): Dispatcher->dispatch(Object(CakeRequest), Object(CakeResponse))
#1 {main}
2016-01-14 16:22:54 Error: [MissingControllerException] Controller class WebrootController could not be found.
Exception Attributes: array (
  'class' => 'WebrootController',
  'plugin' => NULL,
)
Request URL: /admin/webroot/upload/image/files/SLIDESHOW/Ng%C3%A3%20ch%E1%BB%95ng%20v%C3%B3%20v%C3%AC%20%C4%91%C3%A1%20ch%C3%B3.png
Stack Trace:
#0 D:\wamp\www\xonxao\admin\webroot\index.php(92): Dispatcher->dispatch(Object(CakeRequest), Object(CakeResponse))
#1 {main}
2016-01-14 16:22:54 Error: [MissingControllerException] Controller class WebrootController could not be found.
Exception Attributes: array (
  'class' => 'WebrootController',
  'plugin' => NULL,
)
Request URL: /admin/webroot/upload/image/files/SLIDESHOW/Ngh%E1%BB%8Bch%20d%E1%BA%A1i%20x%E1%BB%8Bt%20v%C3%B2i%20b%C3%ACnh%20c%E1%BB%A9u%20ho%E1%BA%A3%20v%C3%A0o%20mi%E1%BB%87ng.png
Stack Trace:
#0 D:\wamp\www\xonxao\admin\webroot\index.php(92): Dispatcher->dispatch(Object(CakeRequest), Object(CakeResponse))
#1 {main}
2016-01-14 16:22:54 Error: [MissingControllerException] Controller class WebrootController could not be found.
Exception Attributes: array (
  'class' => 'WebrootController',
  'plugin' => NULL,
)
Request URL: /admin/webroot/upload/image/files/SLIDESHOW/M%C3%A1i%20t%C3%B3c%20m%C3%A0o%20g%C3%A0%20v%C3%A0%20c%C3%B4ng%20d%E1%BB%A5ng%20c%E1%BB%B1c%20kh%C3%B3%20%C4%91%E1%BB%A1.png
Stack Trace:
#0 D:\wamp\www\xonxao\admin\webroot\index.php(92): Dispatcher->dispatch(Object(CakeRequest), Object(CakeResponse))
#1 {main}
2016-01-14 16:22:54 Error: [MissingControllerException] Controller class WebrootController could not be found.
Exception Attributes: array (
  'class' => 'WebrootController',
  'plugin' => NULL,
)
Request URL: /admin/webroot/upload/image/files/SLIDESHOW/M%C3%A3i%20nh%C3%ACn%20Ma%20%C4%91%E1%BA%BFn%20n%E1%BB%97i%20lao%20%C4%91%E1%BA%A7u%20xu%E1%BB%91ng%20c%E1%BB%91ng.png
Stack Trace:
#0 D:\wamp\www\xonxao\admin\webroot\index.php(92): Dispatcher->dispatch(Object(CakeRequest), Object(CakeResponse))
#1 {main}
2016-01-14 16:22:54 Error: [MissingControllerException] Controller class WebrootController could not be found.
Exception Attributes: array (
  'class' => 'WebrootController',
  'plugin' => NULL,
)
Request URL: /admin/webroot/upload/image/files/SLIDESHOW/L%E1%BA%A1c%20%C4%91%C3%A0%20bi%E1%BA%BFt%20v%E1%BA%B7n%20v%C3%B2i%20%C4%91%E1%BB%83%20u%E1%BB%91ng%20n%C6%B0%E1%BB%9Bc.png
Stack Trace:
#0 D:\wamp\www\xonxao\admin\webroot\index.php(92): Dispatcher->dispatch(Object(CakeRequest), Object(CakeResponse))
#1 {main}
2016-01-14 16:22:54 Error: [MissingControllerException] Controller class WebrootController could not be found.
Exception Attributes: array (
  'class' => 'WebrootController',
  'plugin' => NULL,
)
Request URL: /admin/webroot/upload/image/files/SLIDESHOW/Khi%20c%C3%BAn%20%C4%91i%20l%C3%A0m%20c%C3%B4ng%20nh%C3%A2n.png
Stack Trace:
#0 D:\wamp\www\xonxao\admin\webroot\index.php(92): Dispatcher->dispatch(Object(CakeRequest), Object(CakeResponse))
#1 {main}
2016-01-14 16:22:54 Error: [MissingControllerException] Controller class WebrootController could not be found.
Exception Attributes: array (
  'class' => 'WebrootController',
  'plugin' => NULL,
)
Request URL: /admin/webroot/upload/image/files/SLIDESHOW/h.png
Stack Trace:
#0 D:\wamp\www\xonxao\admin\webroot\index.php(92): Dispatcher->dispatch(Object(CakeRequest), Object(CakeResponse))
#1 {main}
2016-01-14 16:22:54 Error: [MissingControllerException] Controller class WebrootController could not be found.
Exception Attributes: array (
  'class' => 'WebrootController',
  'plugin' => NULL,
)
Request URL: /admin/webroot/upload/image/files/SLIDESHOW/Em%20b%C3%A9%20b%E1%BB%8B%20k%E1%BA%B9t%20%C4%91%E1%BA%A7u%20tr%C3%AAn%20lan%20can%20nh%C3%A0%20cao%20t%E1%BA%A7ng.png
Stack Trace:
#0 D:\wamp\www\xonxao\admin\webroot\index.php(92): Dispatcher->dispatch(Object(CakeRequest), Object(CakeResponse))
#1 {main}
2016-01-14 16:22:54 Error: [MissingControllerException] Controller class WebrootController could not be found.
Exception Attributes: array (
  'class' => 'WebrootController',
  'plugin' => NULL,
)
Request URL: /admin/webroot/upload/image/files/SLIDESHOW/%C4%90%E1%BB%ABng%20th%E1%BA%A5y%20anh%20nh%E1%BB%8F%20m%C3%A0%20coi%20th%C6%B0%E1%BB%9Dng.png
Stack Trace:
#0 D:\wamp\www\xonxao\admin\webroot\index.php(92): Dispatcher->dispatch(Object(CakeRequest), Object(CakeResponse))
#1 {main}
2016-01-14 16:22:54 Error: [MissingControllerException] Controller class WebrootController could not be found.
Exception Attributes: array (
  'class' => 'WebrootController',
  'plugin' => NULL,
)
Request URL: /admin/webroot/upload/image/files/SLIDESHOW/D%C3%AA%20con%20hi%E1%BA%BFu%20chi%E1%BA%BFn%2C%20g%C3%A2y%20h%E1%BA%A5n%20v%E1%BB%9Bi%20b%C3%B2.png
Stack Trace:
#0 D:\wamp\www\xonxao\admin\webroot\index.php(92): Dispatcher->dispatch(Object(CakeRequest), Object(CakeResponse))
#1 {main}
2016-01-14 17:31:36 Error: [MissingControllerException] Controller class WebrootController could not be found.
Exception Attributes: array (
  'class' => 'WebrootController',
  'plugin' => NULL,
)
Request URL: /admin/webroot/upload/image/files/SLIDESHOW/LINK%2520EX10-1.jpg
Stack Trace:
#0 D:\wamp\www\xonxao\admin\webroot\index.php(92): Dispatcher->dispatch(Object(CakeRequest), Object(CakeResponse))
#1 {main}
2016-01-14 17:35:22 Error: [MissingControllerException] Controller class WebrootController could not be found.
Exception Attributes: array (
  'class' => 'WebrootController',
  'plugin' => NULL,
)
Request URL: /admin/webroot/upload/image/files/SLIDESHOW/LINK%2520EX10-1.jpg
Stack Trace:
#0 D:\wamp\www\xonxao\admin\webroot\index.php(92): Dispatcher->dispatch(Object(CakeRequest), Object(CakeResponse))
#1 {main}
2016-01-14 17:42:31 Error: [MissingControllerException] Controller class WebrootController could not be found.
Exception Attributes: array (
  'class' => 'WebrootController',
  'plugin' => NULL,
)
Request URL: /admin/webroot/upload/image/files/SLIDESHOW/LINK%2520EX10-1.jpg
Stack Trace:
#0 D:\wamp\www\xonxao\admin\webroot\index.php(92): Dispatcher->dispatch(Object(CakeRequest), Object(CakeResponse))
#1 {main}
2016-01-14 18:15:16 Error: [PDOException] SQLSTATE[42S22]: Column not found: 1054 Unknown column 'Video.status<>' in 'where clause'
Request URL: /admin/video/searchuserupload
Stack Trace:
#0 D:\wamp\www\xonxao\lib\Cake\Model\Datasource\DboSource.php(461): PDOStatement->execute(Array)
#1 D:\wamp\www\xonxao\lib\Cake\Model\Datasource\DboSource.php(427): DboSource->_execute('SELECT `Video`....', Array)
#2 D:\wamp\www\xonxao\lib\Cake\Model\Datasource\DboSource.php(669): DboSource->execute('SELECT `Video`....', Array, Array)
#3 D:\wamp\www\xonxao\lib\Cake\Model\Datasource\DboSource.php(1118): DboSource->fetchAll('SELECT `Video`....', false)
#4 D:\wamp\www\xonxao\lib\Cake\Model\Model.php(3031): DboSource->read(Object(Video), Array)
#5 D:\wamp\www\xonxao\lib\Cake\Model\Model.php(3003): Model->_readDataSource('all', Array)
#6 D:\wamp\www\xonxao\lib\Cake\Controller\Component\PaginatorComponent.php(196): Model->find('all', Array)
#7 D:\wamp\www\xonxao\lib\Cake\Controller\Controller.php(1086): PaginatorComponent->paginate('Video', Array, Array)
#8 D:\wamp\www\xonxao\admin\Controller\VideoController.php(570): Controller->paginate('Video')
#9 [internal function]: VideoController->searchuserupload()
#10 D:\wamp\www\xonxao\lib\Cake\Controller\Controller.php(490): ReflectionMethod->invokeArgs(Object(VideoController), Array)
#11 D:\wamp\www\xonxao\lib\Cake\Routing\Dispatcher.php(193): Controller->invokeAction(Object(CakeRequest))
#12 D:\wamp\www\xonxao\lib\Cake\Routing\Dispatcher.php(167): Dispatcher->_invoke(Object(VideoController), Object(CakeRequest))
#13 D:\wamp\www\xonxao\admin\webroot\index.php(92): Dispatcher->dispatch(Object(CakeRequest), Object(CakeResponse))
#14 {main}
2016-01-15 11:59:06 Error: [MissingControllerException] Controller class WebrootController could not be found.
Exception Attributes: array (
  'class' => 'WebrootController',
  'plugin' => NULL,
)
Request URL: /admin/webroot/upload/image/files/SLIDESHOW/Khi%2520ch%25E1%25BB%258B%2520em%2520l%25C3%25A0m%2520t%25E1%25BB%2595%2520l%25C3%25A1i.png
Stack Trace:
#0 D:\wamp\www\xonxao\admin\webroot\index.php(92): Dispatcher->dispatch(Object(CakeRequest), Object(CakeResponse))
#1 {main}
2016-01-15 17:24:14 Error: [MissingControllerException] Controller class WebrootController could not be found.
Exception Attributes: array (
  'class' => 'WebrootController',
  'plugin' => NULL,
)
Request URL: /admin/webroot/upload/image/images/3DARCEXTERIOR/3DARCEXTERIOR%2520VOL%252002.jpg
Stack Trace:
#0 D:\wamp\www\xonxao\admin\webroot\index.php(92): Dispatcher->dispatch(Object(CakeRequest), Object(CakeResponse))
#1 {main}
2016-01-15 17:37:01 Error: [MissingControllerException] Controller class WebrootController could not be found.
Exception Attributes: array (
  'class' => 'WebrootController',
  'plugin' => NULL,
)
Request URL: /admin/webroot/upload/image/images/3DARCEXTERIOR/3DARCEXTERIOR%2520VOL%252002.jpg
Stack Trace:
#0 D:\wamp\www\xonxao\admin\webroot\index.php(92): Dispatcher->dispatch(Object(CakeRequest), Object(CakeResponse))
#1 {main}
2016-01-18 14:08:35 Error: [MissingControllerException] Controller class CssController could not be found.
Exception Attributes: array (
  'class' => 'CssController',
  'plugin' => NULL,
)
Request URL: /admin/css/chosen-sprite.png
Stack Trace:
#0 D:\wamp\www\xonxao\admin\webroot\index.php(92): Dispatcher->dispatch(Object(CakeRequest), Object(CakeResponse))
#1 {main}
2016-01-18 14:10:53 Error: [MissingControllerException] Controller class ImagesController could not be found.
Exception Attributes: array (
  'class' => 'ImagesController',
  'plugin' => NULL,
)
Request URL: /admin/images/icn_user.png
Stack Trace:
#0 D:\wamp\www\xonxao\admin\webroot\index.php(92): Dispatcher->dispatch(Object(CakeRequest), Object(CakeResponse))
#1 {main}
2016-01-18 14:22:31 Error: [MissingControllerException] Controller class ImagesController could not be found.
Exception Attributes: array (
  'class' => 'ImagesController',
  'plugin' => NULL,
)
Request URL: /admin/images/icn_user.png
Stack Trace:
#0 D:\wamp\www\xonxao\admin\webroot\index.php(92): Dispatcher->dispatch(Object(CakeRequest), Object(CakeResponse))
#1 {main}
2016-01-18 14:29:07 Error: [MissingControllerException] Controller class ImagesController could not be found.
Exception Attributes: array (
  'class' => 'ImagesController',
  'plugin' => NULL,
)
Request URL: /admin/images/icn_user.png
Stack Trace:
#0 D:\wamp\www\xonxao\admin\webroot\index.php(92): Dispatcher->dispatch(Object(CakeRequest), Object(CakeResponse))
#1 {main}
2016-01-18 14:29:31 Error: [MissingControllerException] Controller class ImagesController could not be found.
Exception Attributes: array (
  'class' => 'ImagesController',
  'plugin' => NULL,
)
Request URL: /admin/images/icn_user.png
Stack Trace:
#0 D:\wamp\www\xonxao\admin\webroot\index.php(92): Dispatcher->dispatch(Object(CakeRequest), Object(CakeResponse))
#1 {main}
2016-01-18 14:29:42 Error: [MissingControllerException] Controller class ImagesController could not be found.
Exception Attributes: array (
  'class' => 'ImagesController',
  'plugin' => NULL,
)
Request URL: /admin/images/icn_user.png
Stack Trace:
#0 D:\wamp\www\xonxao\admin\webroot\index.php(92): Dispatcher->dispatch(Object(CakeRequest), Object(CakeResponse))
#1 {main}
2016-01-18 14:30:22 Error: [MissingControllerException] Controller class CssController could not be found.
Exception Attributes: array (
  'class' => 'CssController',
  'plugin' => NULL,
)
Request URL: /admin/css/chosen-sprite.png
Stack Trace:
#0 D:\wamp\www\xonxao\admin\webroot\index.php(92): Dispatcher->dispatch(Object(CakeRequest), Object(CakeResponse))
#1 {main}
2016-01-18 14:30:41 Error: [MissingControllerException] Controller class CssController could not be found.
Exception Attributes: array (
  'class' => 'CssController',
  'plugin' => NULL,
)
Request URL: /admin/css/chosen-sprite.png
Stack Trace:
#0 D:\wamp\www\xonxao\admin\webroot\index.php(92): Dispatcher->dispatch(Object(CakeRequest), Object(CakeResponse))
#1 {main}
2016-01-19 15:45:57 Error: [MissingControllerException] Controller class WebrootController could not be found.
Exception Attributes: array (
  'class' => 'WebrootController',
  'plugin' => NULL,
)
Request URL: /admin/webroot/upload/image/files/SLIDESHOW/L%25E1%25BA%25A1c%2520%25C4%2591%25C3%25A0%2520bi%25E1%25BA%25BFt%2520v%25E1%25BA%25B7n%2520v%25C3%25B2i%2520%25C4%2591%25E1%25BB%2583%2520u%25E1%25BB%2591ng%2520n%25C6%25B0%25E1%25BB%259Bc.png
Stack Trace:
#0 D:\wamp\www\xonxao\admin\webroot\index.php(92): Dispatcher->dispatch(Object(CakeRequest), Object(CakeResponse))
#1 {main}
2016-01-19 15:46:18 Error: [MissingControllerException] Controller class WebrootController could not be found.
Exception Attributes: array (
  'class' => 'WebrootController',
  'plugin' => NULL,
)
Request URL: /admin/webroot/upload/image/files/SLIDESHOW/L%25E1%25BA%25A1c%2520%25C4%2591%25C3%25A0%2520bi%25E1%25BA%25BFt%2520v%25E1%25BA%25B7n%2520v%25C3%25B2i%2520%25C4%2591%25E1%25BB%2583%2520u%25E1%25BB%2591ng%2520n%25C6%25B0%25E1%25BB%259Bc.png
Stack Trace:
#0 D:\wamp\www\xonxao\admin\webroot\index.php(92): Dispatcher->dispatch(Object(CakeRequest), Object(CakeResponse))
#1 {main}
2016-01-19 15:46:56 Error: [MissingControllerException] Controller class WebrootController could not be found.
Exception Attributes: array (
  'class' => 'WebrootController',
  'plugin' => NULL,
)
Request URL: /admin/webroot/upload/image/files/SLIDESHOW/LINK%2520EX05.jpg
Stack Trace:
#0 D:\wamp\www\xonxao\admin\webroot\index.php(92): Dispatcher->dispatch(Object(CakeRequest), Object(CakeResponse))
#1 {main}
2016-01-19 15:47:02 Error: [MissingControllerException] Controller class WebrootController could not be found.
Exception Attributes: array (
  'class' => 'WebrootController',
  'plugin' => NULL,
)
Request URL: /admin/webroot/upload/image/files/SLIDESHOW/LINK%2520EX10-1.jpg
Stack Trace:
#0 D:\wamp\www\xonxao\admin\webroot\index.php(92): Dispatcher->dispatch(Object(CakeRequest), Object(CakeResponse))
#1 {main}
2016-01-20 13:36:23 Error: [MissingControllerException] Controller class WebrootController could not be found.
Exception Attributes: array (
  'class' => 'WebrootController',
  'plugin' => NULL,
)
Request URL: /admin/webroot/upload/image/images/3DARCEXTERIOR/3DARCEXTERIOR%2520VOL%252002.jpg
Stack Trace:
#0 D:\wamp\www\xonxao\admin\webroot\index.php(92): Dispatcher->dispatch(Object(CakeRequest), Object(CakeResponse))
#1 {main}
2016-01-20 13:36:47 Error: [MissingControllerException] Controller class WebrootController could not be found.
Exception Attributes: array (
  'class' => 'WebrootController',
  'plugin' => NULL,
)
Request URL: /admin/webroot/upload/image/images/3DARCEXTERIOR/3DARCEXTERIOR%2520VOL%252002.jpg
Stack Trace:
#0 D:\wamp\www\xonxao\admin\webroot\index.php(92): Dispatcher->dispatch(Object(CakeRequest), Object(CakeResponse))
#1 {main}
2016-01-20 13:39:32 Error: [MissingControllerException] Controller class WebrootController could not be found.
Exception Attributes: array (
  'class' => 'WebrootController',
  'plugin' => NULL,
)
Request URL: /admin/webroot/upload/image/images/3DARCEXTERIOR/3DARCEXTERIOR%2520VOL%252002.jpg
Stack Trace:
#0 D:\wamp\www\xonxao\admin\webroot\index.php(92): Dispatcher->dispatch(Object(CakeRequest), Object(CakeResponse))
#1 {main}
2016-01-22 12:32:24 Error: [MissingControllerException] Controller class WebrootController could not be found.
Exception Attributes: array (
  'class' => 'WebrootController',
  'plugin' => NULL,
)
Request URL: /admin/webroot/upload/image/images/3DARCEXTERIOR/3DARCEXTERIOR%2520VOL%252002.jpg
Stack Trace:
#0 D:\wamp\www\xonxao\admin\webroot\index.php(92): Dispatcher->dispatch(Object(CakeRequest), Object(CakeResponse))
#1 {main}
2016-01-22 12:48:01 Error: [MissingControllerException] Controller class WebrootController could not be found.
Exception Attributes: array (
  'class' => 'WebrootController',
  'plugin' => NULL,
)
Request URL: /admin/webroot/upload/image/files/SLIDESHOW/LINK%2520EX10-1.jpg
Stack Trace:
#0 D:\wamp\www\xonxao\admin\webroot\index.php(92): Dispatcher->dispatch(Object(CakeRequest), Object(CakeResponse))
#1 {main}
2016-01-30 16:22:58 Error: [MissingControllerException] Controller class WebrootController could not be found.
Exception Attributes: array (
  'class' => 'WebrootController',
  'plugin' => NULL,
)
Request URL: /admin/webroot/upload/image/images/3DARCEXTERIOR/3DARCEXTERIOR%20VOL%2005.jpg
Stack Trace:
#0 D:\wamp\www\thuvienkientruc.com\admin\webroot\index.php(92): Dispatcher->dispatch(Object(CakeRequest), Object(CakeResponse))
#1 {main}
2016-01-30 16:22:58 Error: [MissingControllerException] Controller class WebrootController could not be found.
Exception Attributes: array (
  'class' => 'WebrootController',
  'plugin' => NULL,
)
Request URL: /admin/webroot/upload/image/images/3DARCEXTERIOR/3DARCEXTERIOR%20VOL%2007.jpg
Stack Trace:
#0 D:\wamp\www\thuvienkientruc.com\admin\webroot\index.php(92): Dispatcher->dispatch(Object(CakeRequest), Object(CakeResponse))
#1 {main}
2016-01-30 16:28:48 Error: [MissingControllerException] Controller class WebrootController could not be found.
Exception Attributes: array (
  'class' => 'WebrootController',
  'plugin' => NULL,
)
Request URL: /admin/webroot/upload/image/images/3DARCEXTERIOR/3DARCEXTERIOR%20VOL%2005.jpg
Stack Trace:
#0 D:\wamp\www\thuvienkientruc.com\admin\webroot\index.php(92): Dispatcher->dispatch(Object(CakeRequest), Object(CakeResponse))
#1 {main}
2016-01-30 16:28:48 Error: [MissingControllerException] Controller class WebrootController could not be found.
Exception Attributes: array (
  'class' => 'WebrootController',
  'plugin' => NULL,
)
Request URL: /admin/webroot/upload/image/images/3DARCEXTERIOR/3DARCEXTERIOR%20VOL%2007.jpg
Stack Trace:
#0 D:\wamp\www\thuvienkientruc.com\admin\webroot\index.php(92): Dispatcher->dispatch(Object(CakeRequest), Object(CakeResponse))
#1 {main}
2016-01-30 16:29:02 Error: Fatal Error (1): Class 'Order' not found in [D:\wamp\www\thuvienkientruc.com\admin\Controller\HomeController.php, line 27]
2016-01-30 16:29:02 Error: [FatalErrorException] Class 'Order' not found
Request URL: /admin/
Stack Trace:
#0 D:\wamp\www\thuvienkientruc.com\lib\Cake\Error\ErrorHandler.php(213): ErrorHandler::handleFatalError(1, 'Class 'Order' n...', 'D:\wamp\www\thu...', 27)
#1 [internal function]: ErrorHandler::handleError(1, 'Class 'Order' n...', 'D:\wamp\www\thu...', 27, Array)
#2 D:\wamp\www\thuvienkientruc.com\lib\Cake\Core\App.php(933): call_user_func('ErrorHandler::h...', 1, 'Class 'Order' n...', 'D:\wamp\www\thu...', 27, Array)
#3 D:\wamp\www\thuvienkientruc.com\lib\Cake\Core\App.php(906): App::_checkFatalError()
#4 [internal function]: App::shutdown()
#5 {main}
2016-01-30 16:31:38 Error: [MissingControllerException] Controller class WebrootController could not be found.
Exception Attributes: array (
  'class' => 'WebrootController',
  'plugin' => NULL,
)
Request URL: /admin/webroot/upload/image/images/3DARCEXTERIOR/3DARCEXTERIOR%20VOL%2005.jpg
Stack Trace:
#0 D:\wamp\www\thuvienkientruc.com\admin\webroot\index.php(92): Dispatcher->dispatch(Object(CakeRequest), Object(CakeResponse))
#1 {main}
2016-01-30 16:31:38 Error: [MissingControllerException] Controller class WebrootController could not be found.
Exception Attributes: array (
  'class' => 'WebrootController',
  'plugin' => NULL,
)
Request URL: /admin/webroot/upload/image/images/3DARCEXTERIOR/3DARCEXTERIOR%20VOL%2007.jpg
Stack Trace:
#0 D:\wamp\www\thuvienkientruc.com\admin\webroot\index.php(92): Dispatcher->dispatch(Object(CakeRequest), Object(CakeResponse))
#1 {main}
2016-01-30 16:31:38 Error: [MissingControllerException] Controller class WebrootController could not be found.
Exception Attributes: array (
  'class' => 'WebrootController',
  'plugin' => NULL,
)
Request URL: /admin/webroot/upload/image/images/3DARCEXTERIOR/3DARCEXTERIOR%20VOL%2005.jpg
Stack Trace:
#0 D:\wamp\www\thuvienkientruc.com\admin\webroot\index.php(92): Dispatcher->dispatch(Object(CakeRequest), Object(CakeResponse))
#1 {main}
2016-01-30 17:00:57 Error: [MissingViewException] View file "Post\index.ctp" is missing.
Exception Attributes: array (
  'file' => 'Post\\index.ctp',
)
Request URL: /admin/post
Stack Trace:
#0 D:\wamp\www\thuvienkientruc.com\lib\Cake\View\View.php(470): View->_getViewFileName(NULL)
#1 D:\wamp\www\thuvienkientruc.com\lib\Cake\Controller\Controller.php(960): View->render(NULL, NULL)
#2 D:\wamp\www\thuvienkientruc.com\lib\Cake\Routing\Dispatcher.php(200): Controller->render()
#3 D:\wamp\www\thuvienkientruc.com\lib\Cake\Routing\Dispatcher.php(167): Dispatcher->_invoke(Object(PostController), Object(CakeRequest))
#4 D:\wamp\www\thuvienkientruc.com\admin\webroot\index.php(92): Dispatcher->dispatch(Object(CakeRequest), Object(CakeResponse))
#5 {main}
2016-01-30 17:01:37 Error: [MissingControllerException] Controller class JsController could not be found.
Exception Attributes: array (
  'class' => 'JsController',
  'plugin' => NULL,
)
Request URL: /admin/js/ckeditorckeditor.js?t=AA4E4NT
Stack Trace:
#0 D:\wamp\www\thuvienkientruc.com\admin\webroot\index.php(92): Dispatcher->dispatch(Object(CakeRequest), Object(CakeResponse))
#1 {main}
2016-01-31 05:05:08 Error: [MissingControllerException] Controller class TagController could not be found.
Exception Attributes: array (
  'class' => 'TagController',
  'plugin' => NULL,
)
Request URL: /admin/tag
Stack Trace:
#0 D:\xampp\htdocs\tvnt\admin\webroot\index.php(92): Dispatcher->dispatch(Object(CakeRequest), Object(CakeResponse))
#1 {main}
2016-01-31 05:06:06 Error: [MissingControllerException] Controller class TagController could not be found.
Exception Attributes: array (
  'class' => 'TagController',
  'plugin' => NULL,
)
Request URL: /admin/tag/add
Stack Trace:
#0 D:\xampp\htdocs\tvnt\admin\webroot\index.php(92): Dispatcher->dispatch(Object(CakeRequest), Object(CakeResponse))
#1 {main}
2016-01-31 05:06:59 Error: [MissingControllerException] Controller class MenuController could not be found.
Exception Attributes: array (
  'class' => 'MenuController',
  'plugin' => NULL,
)
Request URL: /admin/menu
Stack Trace:
#0 D:\xampp\htdocs\tvnt\admin\webroot\index.php(92): Dispatcher->dispatch(Object(CakeRequest), Object(CakeResponse))
#1 {main}
2016-01-31 05:24:51 Error: [MissingTableException] Table product_links for model ProductLink was not found in datasource default.
Exception Attributes: array (
  'table' => 'product_links',
  'class' => 'ProductLink',
  'ds' => 'default',
)
Request URL: /admin/product/edit/104
Stack Trace:
#0 D:\xampp\htdocs\tvnt\lib\Cake\Model\Model.php(3653): Model->setSource('product_links')
#1 D:\xampp\htdocs\tvnt\lib\Cake\Model\Model.php(827): Model->getDataSource()
#2 D:\xampp\htdocs\tvnt\admin\Controller\ProductController.php(371): Model->__call('findAllByProduc...', Array)
#3 D:\xampp\htdocs\tvnt\admin\Controller\ProductController.php(371): AppModel->findAllByProductId('104')
#4 [internal function]: ProductController->edit('104')
#5 D:\xampp\htdocs\tvnt\lib\Cake\Controller\Controller.php(490): ReflectionMethod->invokeArgs(Object(ProductController), Array)
#6 D:\xampp\htdocs\tvnt\lib\Cake\Routing\Dispatcher.php(193): Controller->invokeAction(Object(CakeRequest))
#7 D:\xampp\htdocs\tvnt\lib\Cake\Routing\Dispatcher.php(167): Dispatcher->_invoke(Object(ProductController), Object(CakeRequest))
#8 D:\xampp\htdocs\tvnt\admin\webroot\index.php(92): Dispatcher->dispatch(Object(CakeRequest), Object(CakeResponse))
#9 {main}
2016-01-31 05:25:03 Error: [MissingTableException] Table product_links for model ProductLink was not found in datasource default.
Exception Attributes: array (
  'table' => 'product_links',
  'class' => 'ProductLink',
  'ds' => 'default',
)
Request URL: /admin/product/edit/105
Stack Trace:
#0 D:\xampp\htdocs\tvnt\lib\Cake\Model\Model.php(3653): Model->setSource('product_links')
#1 D:\xampp\htdocs\tvnt\lib\Cake\Model\Model.php(827): Model->getDataSource()
#2 D:\xampp\htdocs\tvnt\admin\Controller\ProductController.php(371): Model->__call('findAllByProduc...', Array)
#3 D:\xampp\htdocs\tvnt\admin\Controller\ProductController.php(371): AppModel->findAllByProductId('105')
#4 [internal function]: ProductController->edit('105')
#5 D:\xampp\htdocs\tvnt\lib\Cake\Controller\Controller.php(490): ReflectionMethod->invokeArgs(Object(ProductController), Array)
#6 D:\xampp\htdocs\tvnt\lib\Cake\Routing\Dispatcher.php(193): Controller->invokeAction(Object(CakeRequest))
#7 D:\xampp\htdocs\tvnt\lib\Cake\Routing\Dispatcher.php(167): Dispatcher->_invoke(Object(ProductController), Object(CakeRequest))
#8 D:\xampp\htdocs\tvnt\admin\webroot\index.php(92): Dispatcher->dispatch(Object(CakeRequest), Object(CakeResponse))
#9 {main}
2016-01-31 05:26:37 Error: [MissingControllerException] Controller class JsController could not be found.
Exception Attributes: array (
  'class' => 'JsController',
  'plugin' => NULL,
)
Request URL: /admin/js/ckeditorckeditor.js?t=AA4E4NT
Stack Trace:
#0 D:\xampp\htdocs\tvnt\admin\webroot\index.php(92): Dispatcher->dispatch(Object(CakeRequest), Object(CakeResponse))
#1 {main}
2016-01-31 06:22:13 Error: [MissingControllerException] Controller class TagController could not be found.
Exception Attributes: array (
  'class' => 'TagController',
  'plugin' => NULL,
)
Request URL: /admin/tag
Stack Trace:
#0 D:\xampp\htdocs\tvnt\admin\webroot\index.php(92): Dispatcher->dispatch(Object(CakeRequest), Object(CakeResponse))
#1 {main}
2016-01-31 06:22:14 Error: [MissingControllerException] Controller class TagController could not be found.
Exception Attributes: array (
  'class' => 'TagController',
  'plugin' => NULL,
)
Request URL: /admin/tag
Stack Trace:
#0 D:\xampp\htdocs\tvnt\admin\webroot\index.php(92): Dispatcher->dispatch(Object(CakeRequest), Object(CakeResponse))
#1 {main}
